#
# A fatal error has been detected by the Java Runtime Environment:
#
#  SIGSEGV (0xb) at pc=0x0000000117891a17, pid=71975, tid=10243
#
# JRE version: OpenJDK Runtime Environment Microsoft-12574466 (21.0.9+10) (build 21.0.9+10-LTS)
# Java VM: OpenJDK 64-Bit Server VM Microsoft-12574466 (21.0.9+10-LTS, mixed mode, sharing, tiered, compressed oops, compressed class ptrs, g1 gc, bsd-amd64)
# Problematic frame:
# C  [libaudio-snd.dylib+0x7a17]  Java_org_plovdev_audioengine_devices_NativeOutputAudioDevice__1write+0x187
#
# No core dump will be written. Core dumps have been disabled. To enable core dumping, try "ulimit -c unlimited" before starting Java again
#
# If you would like to submit a bug report, please visit:
#   https://github.com/microsoft/openjdk/issues
# The crash happened outside the Java Virtual Machine in native code.
# See problematic frame for where to report the bug.
#

---------------  S U M M A R Y ------------

Command Line: -Djava.library.path=/Users/mac/IdeaProjects/AudioSND/implementation -javaagent:/Applications/IntelliJ IDEA CE.app/Contents/lib/idea_rt.jar=64370 -Dfile.encoding=UTF-8 -Dsun.stdout.encoding=UTF-8 -Dsun.stderr.encoding=UTF-8 org.plovdev.audioengine.Main

Host: "MacBookAir5,2" x86_64 2000 MHz, 4 cores, 8G, Darwin 19.6.0, macOS 10.15.7 (19H2026)
Time: Wed Dec 17 20:54:02 2025 MSK elapsed time: 1.086614 seconds (0d 0h 0m 1s)

---------------  T H R E A D  ---------------

Current thread (0x00007fadec81ec00):  JavaThread "main"             [_thread_in_native, id=10243, stack(0x0000700003703000,0x0000700003803000) (1024K)]

Stack: [0x0000700003703000,0x0000700003803000],  sp=0x0000700003802900,  free space=1022k
Native frames: (J=compiled Java code, j=interpreted, Vv=VM code, C=native code)
C  [libaudio-snd.dylib+0x7a17]  Java_org_plovdev_audioengine_devices_NativeOutputAudioDevice__1write+0x187
j  org.plovdev.audioengine.devices.NativeOutputAudioDevice._write(Ljava/nio/ByteBuffer;)I+0
j  org.plovdev.audioengine.devices.NativeOutputAudioDevice.write(Ljava/nio/ByteBuffer;)I+57
j  org.plovdev.audioengine.Main.main([Ljava/lang/String;)V+146
v  ~StubRoutines::call_stub 0x0000000128665cc6
V  [libjvm.dylib+0x5bc4ab]  JavaCalls::call_helper(JavaValue*, methodHandle const&, JavaCallArguments*, JavaThread*)+0x2ab
V  [libjvm.dylib+0x630b4a]  jni_invoke_static(JNIEnv_*, JavaValue*, _jobject*, JNICallType, _jmethodID*, JNI_ArgumentPusher*, JavaThread*)+0x1ba
V  [libjvm.dylib+0x63485f]  jni_CallStaticVoidMethod+0x17f
C  [libjli.dylib+0x4f9b]  JavaMain+0xccb
C  [libjli.dylib+0x7729]  ThreadJavaMain+0x9
C  [libsystem_pthread.dylib+0x6109]  _pthread_start+0x94
C  [libsystem_pthread.dylib+0x1b8b]  thread_start+0xf
Java frames: (J=compiled Java code, j=interpreted, Vv=VM code)
j  org.plovdev.audioengine.devices.NativeOutputAudioDevice._write(Ljava/nio/ByteBuffer;)I+0
j  org.plovdev.audioengine.devices.NativeOutputAudioDevice.write(Ljava/nio/ByteBuffer;)I+57
j  org.plovdev.audioengine.Main.main([Ljava/lang/String;)V+146
v  ~StubRoutines::call_stub 0x0000000128665cc6

siginfo: si_signo: 11 (SIGSEGV), si_code: 1 (SEGV_MAPERR), si_addr: 0x0000000000000000

Registers:
RAX=0x0000000000000000, RBX=0x0000000172437148, RCX=0x0000000000000000, RDX=0x0000000000000000
RSP=0x0000700003802900, RBP=0x00007000038029b0, RSI=0x0000000000000000, RDI=0x00007fadebe4c370
R8 =0x00000000001e4931, R9 =0x00007fadebe4c3b8, R10=0x00007fadebe4c3c0, R11=0x00007fff7085f530
R12=0x0000000000000000, R13=0x0000000172437148, R14=0x0000700003802a48, R15=0x00007fadec81ec00
RIP=0x0000000117891a17, EFLAGS=0x0000000000010246, ERR=0x0000000000000004
  TRAPNO=0x000000000000000e


Register to memory mapping:

RAX=0x0 is null
RBX={method} {0x0000000172437148} '_write' '(Ljava/nio/ByteBuffer;)I' in 'org/plovdev/audioengine/devices/NativeOutputAudioDevice'
RCX=0x0 is null
RDX=0x0 is null
RSP=0x0000700003802900 is pointing into the stack for thread: 0x00007fadec81ec00
RBP=0x00007000038029b0 is pointing into the stack for thread: 0x00007fadec81ec00
RSI=0x0 is null
RDI=0x00007fadebe4c370 points into unknown readable memory: 0x0000000000000000 | 00 00 00 00 00 00 00 00
R8 =0x00000000001e4931 is an unknown value
R9 =0x00007fadebe4c3b8 points into unknown readable memory: 0x00000000001e4931 | 31 49 1e 00 00 00 00 00
R10=0x00007fadebe4c3c0 points into unknown readable memory: 0x0000000000000002 | 02 00 00 00 00 00 00 00
R11=0x00007fff7085f530: _ZNSt3__15mutex4lockEv+0 in /usr/lib/libc++.1.dylib at 0x00007fff70829000
R12=0x0 is null
R13={method} {0x0000000172437148} '_write' '(Ljava/nio/ByteBuffer;)I' in 'org/plovdev/audioengine/devices/NativeOutputAudioDevice'
R14=0x0000700003802a48 is pointing into the stack for thread: 0x00007fadec81ec00
R15=0x00007fadec81ec00 is a thread

Top of Stack: (sp=0x0000700003802900)
0x0000700003802900:   0000000117891890 00007fadec81ec00
0x0000700003802910:   0000700003802960 0000000110717221
0x0000700003802920:   0000700003802960 00007fadebe10c40
0x0000700003802930:   0000700003802950 0000000172437148
0x0000700003802940:   00007fadec81ec00 00007fadebe4c3a0
0x0000700003802950:   0000000172437148 00000000000158e4
0x0000700003802960:   00007fadedfc3000 00000001103b5170
0x0000700003802970:   00007fadebe4c340 00007fadec81ec00
0x0000700003802980:   0000000000000042 00007fadebd2e440
0x0000700003802990:   0000700003802a40 0000700003802a48
0x00007000038029a0:   00007fadec81efb8 00000001286717d2
0x00007000038029b0:   0000700003802a20 0000000128671940
0x00007000038029c0:   0000700003802a20 0000000128671625
0x00007000038029d0:   00000001286715df 00007000038029d8
0x00007000038029e0:   0000000172437148 0000000000000005
0x00007000038029f0:   0000000172432000 0000000000000000
0x0000700003802a00:   0000000787dfc598 0000000172437148
0x0000700003802a10:   0000000000000000 0000700003802a40
0x0000700003802a20:   0000700003802a98 000000012866d261
0x0000700003802a30:   0000000000000000 000000012866efd5
0x0000700003802a40:   0000000787ce82a8 0000000787c06eb8
0x0000700003802a50:   0000700003802a50 0000000172436509
0x0000700003802a60:   0000000000000003 0000000172432000
0x0000700003802a70:   0000000000000000 0000000787dfc598
0x0000700003802a80:   0000000172436530 0000700003802a40
0x0000700003802a90:   0000700003802aa8 0000700003802b08
0x0000700003802aa0:   000000012866d261 0000000787ce82a8
0x0000700003802ab0:   0000000787c06eb8 0000000787f05dc8
0x0000700003802ac0:   0000700003802ac0 00000001724059c2
0x0000700003802ad0:   000000000000000a 0000000172409b78
0x0000700003802ae0:   0000000000000000 0000000787d1efe0
0x0000700003802af0:   00000001724088f8 0000700003802aa8 

Instructions: (pc=0x0000000117891a17)
0x0000000117891917:   8b 7d f0 48 8b 75 e8 48 8b 55 d0 e8 85 33 00 00
0x0000000117891927:   48 89 45 c0 48 83 7d c0 00 0f 84 11 00 00 00 48
0x0000000117891937:   8b 45 c0 f6 80 d0 00 00 00 01 0f 85 34 00 00 00
0x0000000117891947:   48 8b 7d f0 48 8d 35 e9 3e 00 00 e8 b5 33 00 00
0x0000000117891957:   48 89 45 b8 48 8b 7d f0 48 8b 75 b8 48 8d 15 20
0x0000000117891967:   3f 00 00 e8 97 33 00 00 c7 45 fc ff ff ff ff e9
0x0000000117891977:   5d 02 00 00 48 8b 7d f0 48 8b 75 e0 e8 72 33 00
0x0000000117891987:   00 48 89 45 b0 48 8b 7d f0 48 8b 75 e0 e8 67 33
0x0000000117891997:   00 00 48 89 45 a8 48 83 7d b0 00 0f 84 0b 00 00
0x00000001178919a7:   00 48 83 7d a8 00 0f 8f 34 00 00 00 48 8b 7d f0
0x00000001178919b7:   48 8d 35 7d 3e 00 00 e8 49 33 00 00 48 89 45 a0
0x00000001178919c7:   48 8b 7d f0 48 8b 75 a0 48 8d 15 d5 3e 00 00 e8
0x00000001178919d7:   2b 33 00 00 c7 45 fc ff ff ff ff e9 f1 01 00 00
0x00000001178919e7:   48 8b 45 c0 48 05 60 00 00 00 48 8d 7d 98 48 89
0x00000001178919f7:   c6 e8 93 02 00 00 48 8b 45 c0 48 05 30 00 00 00
0x0000000117891a07:   48 8b 4d c0 48 8b 71 50 48 89 c7 e8 a9 02 00 00
0x0000000117891a17:   48 8b 00 48 89 45 90 48 83 7d 90 00 0f 85 6e 00
0x0000000117891a27:   00 00 48 8b 7d f0 48 8d 35 07 3e 00 00 e8 d3 32
0x0000000117891a37:   00 00 48 89 85 70 ff ff ff e9 00 00 00 00 48 8b
0x0000000117891a47:   85 70 ff ff ff 48 89 45 88 48 8b 7d f0 48 8b 75
0x0000000117891a57:   88 48 8d 15 5b 3e 00 00 e8 a2 32 00 00 e9 00 00
0x0000000117891a67:   00 00 c7 45 fc ff ff ff ff c7 85 78 ff ff ff 01
0x0000000117891a77:   00 00 00 e9 50 01 00 00 48 89 45 80 89 95 7c ff
0x0000000117891a87:   ff ff 48 8d 7d 98 e8 6e 02 00 00 e9 4d 01 00 00
0x0000000117891a97:   48 8b 45 a8 48 8b 4d c0 48 3b 41 48 0f 86 93 00
0x0000000117891aa7:   00 00 48 8b 7d 90 48 8b 75 b0 48 8b 45 c0 48 8b
0x0000000117891ab7:   50 48 e8 9e 33 00 00 48 8b 45 c0 48 8b 40 50 48
0x0000000117891ac7:   05 01 00 00 00 48 8b 4d c0 48 81 c1 30 00 00 00
0x0000000117891ad7:   48 89 cf 48 89 85 68 ff ff ff e8 fa 01 00 00 48
0x0000000117891ae7:   8b 8d 68 ff ff ff 48 89 85 60 ff ff ff 48 89 c8
0x0000000117891af7:   45 31 c0 44 89 c2 48 8b b5 60 ff ff ff 48 f7 f6
0x0000000117891b07:   48 8b 7d c0 48 89 57 50 48 8b 55 c0 48 81 c2 a0 


Stack slot to memory mapping:

stack at sp + 0 slots: 0x0000000117891890: Java_org_plovdev_audioengine_devices_NativeOutputAudioDevice__1write+0 in /Users/mac/IdeaProjects/AudioSND/implementation/libaudio-snd.dylib at 0x000000011788a000
stack at sp + 1 slots: 0x00007fadec81ec00 is a thread
stack at sp + 2 slots: 0x0000700003802960 is pointing into the stack for thread: 0x00007fadec81ec00
stack at sp + 3 slots: 0x0000000110717221: _ZN12NativeLookup6lookupERK12methodHandleP10JavaThread+0x61 in /Users/mac/Library/Java/JavaVirtualMachines/ms-21.0.9/Contents/Home/lib/server/libjvm.dylib at 0x000000010fe00000
stack at sp + 4 slots: 0x0000700003802960 is pointing into the stack for thread: 0x00007fadec81ec00
stack at sp + 5 slots: 0x00007fadebe10c40 points into unknown readable memory: 0x0000001e00000001 | 01 00 00 00 1e 00 00 00
stack at sp + 6 slots: 0x0000700003802950 is pointing into the stack for thread: 0x00007fadec81ec00
stack at sp + 7 slots: {method} {0x0000000172437148} '_write' '(Ljava/nio/ByteBuffer;)I' in 'org/plovdev/audioengine/devices/NativeOutputAudioDevice'


---------------  P R O C E S S  ---------------

Threads class SMR info:
_java_thread_list=0x00007fadebe3c580, length=12, elements={
0x00007fadec81ec00, 0x00007fadec009e00, 0x00007fadec00a600, 0x00007faded008e00,
0x00007fadee056e00, 0x00007fadec828e00, 0x00007fadec82be00, 0x00007fadee00d400,
0x00007fadec8af000, 0x00007fadee011400, 0x00007faded061800, 0x00007fadec829c00
}

Java Threads: ( => current thread )
=>0x00007fadec81ec00 JavaThread "main"                              [_thread_in_native, id=10243, stack(0x0000700003703000,0x0000700003803000) (1024K)]
  0x00007fadec009e00 JavaThread "Reference Handler"          daemon [_thread_blocked, id=41475, stack(0x0000700004021000,0x0000700004121000) (1024K)]
  0x00007fadec00a600 JavaThread "Finalizer"                  daemon [_thread_blocked, id=40963, stack(0x0000700004124000,0x0000700004224000) (1024K)]
  0x00007faded008e00 JavaThread "Signal Dispatcher"          daemon [_thread_blocked, id=40451, stack(0x0000700004227000,0x0000700004327000) (1024K)]
  0x00007fadee056e00 JavaThread "Service Thread"             daemon [_thread_blocked, id=39939, stack(0x000070000432a000,0x000070000442a000) (1024K)]
  0x00007fadec828e00 JavaThread "Monitor Deflation Thread"   daemon [_thread_blocked, id=24835, stack(0x000070000442d000,0x000070000452d000) (1024K)]
  0x00007fadec82be00 JavaThread "C2 CompilerThread0"         daemon [_thread_blocked, id=25347, stack(0x0000700004530000,0x0000700004630000) (1024K)]
  0x00007fadee00d400 JavaThread "C1 CompilerThread0"         daemon [_thread_blocked, id=25603, stack(0x0000700004633000,0x0000700004733000) (1024K)]
  0x00007fadec8af000 JavaThread "Common-Cleaner"             daemon [_thread_blocked, id=26115, stack(0x0000700004736000,0x0000700004836000) (1024K)]
  0x00007fadee011400 JavaThread "Monitor Ctrl-Break"         daemon [_thread_in_native, id=26371, stack(0x0000700004839000,0x0000700004939000) (1024K)]
  0x00007faded061800 JavaThread "Notification Thread"        daemon [_thread_blocked, id=26883, stack(0x000070000493c000,0x0000700004a3c000) (1024K)]
  0x00007fadec829c00 JavaThread "Timer-0"                    daemon [_thread_blocked, id=27139, stack(0x0000700004a3f000,0x0000700004b3f000) (1024K)]
Total: 12

Other Threads:
  0x00007fadebc06040 VMThread "VM Thread"                           [id=15107, stack(0x0000700003e18000,0x0000700003f18000) (1024K)]
  0x00007fadebf1fa40 WatcherThread "VM Periodic Task Thread"        [id=14595, stack(0x0000700003d15000,0x0000700003e15000) (1024K)]
  0x00007fadebf12380 WorkerThread "GC Thread#0"                     [id=20227, stack(0x0000700003806000,0x0000700003906000) (1024K)]
  0x00007fadebf13290 ConcurrentGCThread "G1 Main Marker"            [id=12803, stack(0x0000700003909000,0x0000700003a09000) (1024K)]
  0x00007fadebf14090 WorkerThread "G1 Conc#0"                       [id=13571, stack(0x0000700003a0c000,0x0000700003b0c000) (1024K)]
  0x00007fadee050400 ConcurrentGCThread "G1 Refine#0"               [id=13827, stack(0x0000700003b0f000,0x0000700003c0f000) (1024K)]
  0x00007fadebe11340 ConcurrentGCThread "G1 Service"                [id=19203, stack(0x0000700003c12000,0x0000700003d12000) (1024K)]
Total: 7

Threads with active compile tasks:
Total: 0

VM state: not at safepoint (normal execution)

VM Mutex/Monitor currently owned by a thread: None

Heap address: 0x0000000780000000, size: 2048 MB, Compressed Oops mode: Zero based, Oop shift amount: 3

CDS archive(s) mapped at: [0x0000000131000000-0x0000000131c98000-0x0000000131c98000), size 13205504, SharedBaseAddress: 0x0000000131000000, ArchiveRelocationMode: 1.
Compressed class space mapped at: 0x0000000132000000-0x0000000172000000, reserved size: 1073741824
Narrow klass base: 0x0000000131000000, Narrow klass shift: 0, Narrow klass range: 0x100000000

GC Precious Log:
 CardTable entry size: 512
 Card Set container configuration: InlinePtr #cards 5 size 8 Array Of Cards #cards 12 size 40 Howl #buckets 4 coarsen threshold 1843 Howl Bitmap #cards 512 size 80 coarsen threshold 460 Card regions per heap region 1 cards per card region 2048
 CPUs: 4 total, 4 available
 Memory: 8192M
 Large Page Support: Disabled
 NUMA Support: Disabled
 Compressed Oops: Enabled (Zero based)
 Heap Region Size: 1M
 Heap Min Capacity: 8M
 Heap Initial Capacity: 128M
 Heap Max Capacity: 2G
 Pre-touch: Disabled
 Parallel Workers: 4
 Concurrent Workers: 1
 Concurrent Refinement Workers: 4
 Periodic GC: Disabled

Heap:
 garbage-first heap   total 133120K, used 4128K [0x0000000780000000, 0x0000000800000000)
  region size 1024K, 4 young (4096K), 0 survivors (0K)
 Metaspace       used 1598K, committed 1728K, reserved 1114112K
  class space    used 160K, committed 256K, reserved 1048576K

Heap Regions: E=young(eden), S=young(survivor), O=old, HS=humongous(starts), HC=humongous(continues), CS=collection set, F=free, TAMS=top-at-mark-start, PB=parsable bottom
|   0|0x0000000780000000, 0x0000000780000000, 0x0000000780100000|  0%| F|  |TAMS 0x0000000780000000| PB 0x0000000780000000| Untracked 
|   1|0x0000000780100000, 0x0000000780100000, 0x0000000780200000|  0%| F|  |TAMS 0x0000000780100000| PB 0x0000000780100000| Untracked 
|   2|0x0000000780200000, 0x0000000780200000, 0x0000000780300000|  0%| F|  |TAMS 0x0000000780200000| PB 0x0000000780200000| Untracked 
|   3|0x0000000780300000, 0x0000000780300000, 0x0000000780400000|  0%| F|  |TAMS 0x0000000780300000| PB 0x0000000780300000| Untracked 
|   4|0x0000000780400000, 0x0000000780400000, 0x0000000780500000|  0%| F|  |TAMS 0x0000000780400000| PB 0x0000000780400000| Untracked 
|   5|0x0000000780500000, 0x0000000780500000, 0x0000000780600000|  0%| F|  |TAMS 0x0000000780500000| PB 0x0000000780500000| Untracked 
|   6|0x0000000780600000, 0x0000000780600000, 0x0000000780700000|  0%| F|  |TAMS 0x0000000780600000| PB 0x0000000780600000| Untracked 
|   7|0x0000000780700000, 0x0000000780700000, 0x0000000780800000|  0%| F|  |TAMS 0x0000000780700000| PB 0x0000000780700000| Untracked 
|   8|0x0000000780800000, 0x0000000780800000, 0x0000000780900000|  0%| F|  |TAMS 0x0000000780800000| PB 0x0000000780800000| Untracked 
|   9|0x0000000780900000, 0x0000000780900000, 0x0000000780a00000|  0%| F|  |TAMS 0x0000000780900000| PB 0x0000000780900000| Untracked 
|  10|0x0000000780a00000, 0x0000000780a00000, 0x0000000780b00000|  0%| F|  |TAMS 0x0000000780a00000| PB 0x0000000780a00000| Untracked 
|  11|0x0000000780b00000, 0x0000000780b00000, 0x0000000780c00000|  0%| F|  |TAMS 0x0000000780b00000| PB 0x0000000780b00000| Untracked 
|  12|0x0000000780c00000, 0x0000000780c00000, 0x0000000780d00000|  0%| F|  |TAMS 0x0000000780c00000| PB 0x0000000780c00000| Untracked 
|  13|0x0000000780d00000, 0x0000000780d00000, 0x0000000780e00000|  0%| F|  |TAMS 0x0000000780d00000| PB 0x0000000780d00000| Untracked 
|  14|0x0000000780e00000, 0x0000000780e00000, 0x0000000780f00000|  0%| F|  |TAMS 0x0000000780e00000| PB 0x0000000780e00000| Untracked 
|  15|0x0000000780f00000, 0x0000000780f00000, 0x0000000781000000|  0%| F|  |TAMS 0x0000000780f00000| PB 0x0000000780f00000| Untracked 
|  16|0x0000000781000000, 0x0000000781000000, 0x0000000781100000|  0%| F|  |TAMS 0x0000000781000000| PB 0x0000000781000000| Untracked 
|  17|0x0000000781100000, 0x0000000781100000, 0x0000000781200000|  0%| F|  |TAMS 0x0000000781100000| PB 0x0000000781100000| Untracked 
|  18|0x0000000781200000, 0x0000000781200000, 0x0000000781300000|  0%| F|  |TAMS 0x0000000781200000| PB 0x0000000781200000| Untracked 
|  19|0x0000000781300000, 0x0000000781300000, 0x0000000781400000|  0%| F|  |TAMS 0x0000000781300000| PB 0x0000000781300000| Untracked 
|  20|0x0000000781400000, 0x0000000781400000, 0x0000000781500000|  0%| F|  |TAMS 0x0000000781400000| PB 0x0000000781400000| Untracked 
|  21|0x0000000781500000, 0x0000000781500000, 0x0000000781600000|  0%| F|  |TAMS 0x0000000781500000| PB 0x0000000781500000| Untracked 
|  22|0x0000000781600000, 0x0000000781600000, 0x0000000781700000|  0%| F|  |TAMS 0x0000000781600000| PB 0x0000000781600000| Untracked 
|  23|0x0000000781700000, 0x0000000781700000, 0x0000000781800000|  0%| F|  |TAMS 0x0000000781700000| PB 0x0000000781700000| Untracked 
|  24|0x0000000781800000, 0x0000000781800000, 0x0000000781900000|  0%| F|  |TAMS 0x0000000781800000| PB 0x0000000781800000| Untracked 
|  25|0x0000000781900000, 0x0000000781900000, 0x0000000781a00000|  0%| F|  |TAMS 0x0000000781900000| PB 0x0000000781900000| Untracked 
|  26|0x0000000781a00000, 0x0000000781a00000, 0x0000000781b00000|  0%| F|  |TAMS 0x0000000781a00000| PB 0x0000000781a00000| Untracked 
|  27|0x0000000781b00000, 0x0000000781b00000, 0x0000000781c00000|  0%| F|  |TAMS 0x0000000781b00000| PB 0x0000000781b00000| Untracked 
|  28|0x0000000781c00000, 0x0000000781c00000, 0x0000000781d00000|  0%| F|  |TAMS 0x0000000781c00000| PB 0x0000000781c00000| Untracked 
|  29|0x0000000781d00000, 0x0000000781d00000, 0x0000000781e00000|  0%| F|  |TAMS 0x0000000781d00000| PB 0x0000000781d00000| Untracked 
|  30|0x0000000781e00000, 0x0000000781e00000, 0x0000000781f00000|  0%| F|  |TAMS 0x0000000781e00000| PB 0x0000000781e00000| Untracked 
|  31|0x0000000781f00000, 0x0000000781f00000, 0x0000000782000000|  0%| F|  |TAMS 0x0000000781f00000| PB 0x0000000781f00000| Untracked 
|  32|0x0000000782000000, 0x0000000782000000, 0x0000000782100000|  0%| F|  |TAMS 0x0000000782000000| PB 0x0000000782000000| Untracked 
|  33|0x0000000782100000, 0x0000000782100000, 0x0000000782200000|  0%| F|  |TAMS 0x0000000782100000| PB 0x0000000782100000| Untracked 
|  34|0x0000000782200000, 0x0000000782200000, 0x0000000782300000|  0%| F|  |TAMS 0x0000000782200000| PB 0x0000000782200000| Untracked 
|  35|0x0000000782300000, 0x0000000782300000, 0x0000000782400000|  0%| F|  |TAMS 0x0000000782300000| PB 0x0000000782300000| Untracked 
|  36|0x0000000782400000, 0x0000000782400000, 0x0000000782500000|  0%| F|  |TAMS 0x0000000782400000| PB 0x0000000782400000| Untracked 
|  37|0x0000000782500000, 0x0000000782500000, 0x0000000782600000|  0%| F|  |TAMS 0x0000000782500000| PB 0x0000000782500000| Untracked 
|  38|0x0000000782600000, 0x0000000782600000, 0x0000000782700000|  0%| F|  |TAMS 0x0000000782600000| PB 0x0000000782600000| Untracked 
|  39|0x0000000782700000, 0x0000000782700000, 0x0000000782800000|  0%| F|  |TAMS 0x0000000782700000| PB 0x0000000782700000| Untracked 
|  40|0x0000000782800000, 0x0000000782800000, 0x0000000782900000|  0%| F|  |TAMS 0x0000000782800000| PB 0x0000000782800000| Untracked 
|  41|0x0000000782900000, 0x0000000782900000, 0x0000000782a00000|  0%| F|  |TAMS 0x0000000782900000| PB 0x0000000782900000| Untracked 
|  42|0x0000000782a00000, 0x0000000782a00000, 0x0000000782b00000|  0%| F|  |TAMS 0x0000000782a00000| PB 0x0000000782a00000| Untracked 
|  43|0x0000000782b00000, 0x0000000782b00000, 0x0000000782c00000|  0%| F|  |TAMS 0x0000000782b00000| PB 0x0000000782b00000| Untracked 
|  44|0x0000000782c00000, 0x0000000782c00000, 0x0000000782d00000|  0%| F|  |TAMS 0x0000000782c00000| PB 0x0000000782c00000| Untracked 
|  45|0x0000000782d00000, 0x0000000782d00000, 0x0000000782e00000|  0%| F|  |TAMS 0x0000000782d00000| PB 0x0000000782d00000| Untracked 
|  46|0x0000000782e00000, 0x0000000782e00000, 0x0000000782f00000|  0%| F|  |TAMS 0x0000000782e00000| PB 0x0000000782e00000| Untracked 
|  47|0x0000000782f00000, 0x0000000782f00000, 0x0000000783000000|  0%| F|  |TAMS 0x0000000782f00000| PB 0x0000000782f00000| Untracked 
|  48|0x0000000783000000, 0x0000000783000000, 0x0000000783100000|  0%| F|  |TAMS 0x0000000783000000| PB 0x0000000783000000| Untracked 
|  49|0x0000000783100000, 0x0000000783100000, 0x0000000783200000|  0%| F|  |TAMS 0x0000000783100000| PB 0x0000000783100000| Untracked 
|  50|0x0000000783200000, 0x0000000783200000, 0x0000000783300000|  0%| F|  |TAMS 0x0000000783200000| PB 0x0000000783200000| Untracked 
|  51|0x0000000783300000, 0x0000000783300000, 0x0000000783400000|  0%| F|  |TAMS 0x0000000783300000| PB 0x0000000783300000| Untracked 
|  52|0x0000000783400000, 0x0000000783400000, 0x0000000783500000|  0%| F|  |TAMS 0x0000000783400000| PB 0x0000000783400000| Untracked 
|  53|0x0000000783500000, 0x0000000783500000, 0x0000000783600000|  0%| F|  |TAMS 0x0000000783500000| PB 0x0000000783500000| Untracked 
|  54|0x0000000783600000, 0x0000000783600000, 0x0000000783700000|  0%| F|  |TAMS 0x0000000783600000| PB 0x0000000783600000| Untracked 
|  55|0x0000000783700000, 0x0000000783700000, 0x0000000783800000|  0%| F|  |TAMS 0x0000000783700000| PB 0x0000000783700000| Untracked 
|  56|0x0000000783800000, 0x0000000783800000, 0x0000000783900000|  0%| F|  |TAMS 0x0000000783800000| PB 0x0000000783800000| Untracked 
|  57|0x0000000783900000, 0x0000000783900000, 0x0000000783a00000|  0%| F|  |TAMS 0x0000000783900000| PB 0x0000000783900000| Untracked 
|  58|0x0000000783a00000, 0x0000000783a00000, 0x0000000783b00000|  0%| F|  |TAMS 0x0000000783a00000| PB 0x0000000783a00000| Untracked 
|  59|0x0000000783b00000, 0x0000000783b00000, 0x0000000783c00000|  0%| F|  |TAMS 0x0000000783b00000| PB 0x0000000783b00000| Untracked 
|  60|0x0000000783c00000, 0x0000000783c00000, 0x0000000783d00000|  0%| F|  |TAMS 0x0000000783c00000| PB 0x0000000783c00000| Untracked 
|  61|0x0000000783d00000, 0x0000000783d00000, 0x0000000783e00000|  0%| F|  |TAMS 0x0000000783d00000| PB 0x0000000783d00000| Untracked 
|  62|0x0000000783e00000, 0x0000000783e00000, 0x0000000783f00000|  0%| F|  |TAMS 0x0000000783e00000| PB 0x0000000783e00000| Untracked 
|  63|0x0000000783f00000, 0x0000000783f00000, 0x0000000784000000|  0%| F|  |TAMS 0x0000000783f00000| PB 0x0000000783f00000| Untracked 
|  64|0x0000000784000000, 0x0000000784000000, 0x0000000784100000|  0%| F|  |TAMS 0x0000000784000000| PB 0x0000000784000000| Untracked 
|  65|0x0000000784100000, 0x0000000784100000, 0x0000000784200000|  0%| F|  |TAMS 0x0000000784100000| PB 0x0000000784100000| Untracked 
|  66|0x0000000784200000, 0x0000000784200000, 0x0000000784300000|  0%| F|  |TAMS 0x0000000784200000| PB 0x0000000784200000| Untracked 
|  67|0x0000000784300000, 0x0000000784300000, 0x0000000784400000|  0%| F|  |TAMS 0x0000000784300000| PB 0x0000000784300000| Untracked 
|  68|0x0000000784400000, 0x0000000784400000, 0x0000000784500000|  0%| F|  |TAMS 0x0000000784400000| PB 0x0000000784400000| Untracked 
|  69|0x0000000784500000, 0x0000000784500000, 0x0000000784600000|  0%| F|  |TAMS 0x0000000784500000| PB 0x0000000784500000| Untracked 
|  70|0x0000000784600000, 0x0000000784600000, 0x0000000784700000|  0%| F|  |TAMS 0x0000000784600000| PB 0x0000000784600000| Untracked 
|  71|0x0000000784700000, 0x0000000784700000, 0x0000000784800000|  0%| F|  |TAMS 0x0000000784700000| PB 0x0000000784700000| Untracked 
|  72|0x0000000784800000, 0x0000000784800000, 0x0000000784900000|  0%| F|  |TAMS 0x0000000784800000| PB 0x0000000784800000| Untracked 
|  73|0x0000000784900000, 0x0000000784900000, 0x0000000784a00000|  0%| F|  |TAMS 0x0000000784900000| PB 0x0000000784900000| Untracked 
|  74|0x0000000784a00000, 0x0000000784a00000, 0x0000000784b00000|  0%| F|  |TAMS 0x0000000784a00000| PB 0x0000000784a00000| Untracked 
|  75|0x0000000784b00000, 0x0000000784b00000, 0x0000000784c00000|  0%| F|  |TAMS 0x0000000784b00000| PB 0x0000000784b00000| Untracked 
|  76|0x0000000784c00000, 0x0000000784c00000, 0x0000000784d00000|  0%| F|  |TAMS 0x0000000784c00000| PB 0x0000000784c00000| Untracked 
|  77|0x0000000784d00000, 0x0000000784d00000, 0x0000000784e00000|  0%| F|  |TAMS 0x0000000784d00000| PB 0x0000000784d00000| Untracked 
|  78|0x0000000784e00000, 0x0000000784e00000, 0x0000000784f00000|  0%| F|  |TAMS 0x0000000784e00000| PB 0x0000000784e00000| Untracked 
|  79|0x0000000784f00000, 0x0000000784f00000, 0x0000000785000000|  0%| F|  |TAMS 0x0000000784f00000| PB 0x0000000784f00000| Untracked 
|  80|0x0000000785000000, 0x0000000785000000, 0x0000000785100000|  0%| F|  |TAMS 0x0000000785000000| PB 0x0000000785000000| Untracked 
|  81|0x0000000785100000, 0x0000000785100000, 0x0000000785200000|  0%| F|  |TAMS 0x0000000785100000| PB 0x0000000785100000| Untracked 
|  82|0x0000000785200000, 0x0000000785200000, 0x0000000785300000|  0%| F|  |TAMS 0x0000000785200000| PB 0x0000000785200000| Untracked 
|  83|0x0000000785300000, 0x0000000785300000, 0x0000000785400000|  0%| F|  |TAMS 0x0000000785300000| PB 0x0000000785300000| Untracked 
|  84|0x0000000785400000, 0x0000000785400000, 0x0000000785500000|  0%| F|  |TAMS 0x0000000785400000| PB 0x0000000785400000| Untracked 
|  85|0x0000000785500000, 0x0000000785500000, 0x0000000785600000|  0%| F|  |TAMS 0x0000000785500000| PB 0x0000000785500000| Untracked 
|  86|0x0000000785600000, 0x0000000785600000, 0x0000000785700000|  0%| F|  |TAMS 0x0000000785600000| PB 0x0000000785600000| Untracked 
|  87|0x0000000785700000, 0x0000000785700000, 0x0000000785800000|  0%| F|  |TAMS 0x0000000785700000| PB 0x0000000785700000| Untracked 
|  88|0x0000000785800000, 0x0000000785800000, 0x0000000785900000|  0%| F|  |TAMS 0x0000000785800000| PB 0x0000000785800000| Untracked 
|  89|0x0000000785900000, 0x0000000785900000, 0x0000000785a00000|  0%| F|  |TAMS 0x0000000785900000| PB 0x0000000785900000| Untracked 
|  90|0x0000000785a00000, 0x0000000785a00000, 0x0000000785b00000|  0%| F|  |TAMS 0x0000000785a00000| PB 0x0000000785a00000| Untracked 
|  91|0x0000000785b00000, 0x0000000785b00000, 0x0000000785c00000|  0%| F|  |TAMS 0x0000000785b00000| PB 0x0000000785b00000| Untracked 
|  92|0x0000000785c00000, 0x0000000785c00000, 0x0000000785d00000|  0%| F|  |TAMS 0x0000000785c00000| PB 0x0000000785c00000| Untracked 
|  93|0x0000000785d00000, 0x0000000785d00000, 0x0000000785e00000|  0%| F|  |TAMS 0x0000000785d00000| PB 0x0000000785d00000| Untracked 
|  94|0x0000000785e00000, 0x0000000785e00000, 0x0000000785f00000|  0%| F|  |TAMS 0x0000000785e00000| PB 0x0000000785e00000| Untracked 
|  95|0x0000000785f00000, 0x0000000785f00000, 0x0000000786000000|  0%| F|  |TAMS 0x0000000785f00000| PB 0x0000000785f00000| Untracked 
|  96|0x0000000786000000, 0x0000000786000000, 0x0000000786100000|  0%| F|  |TAMS 0x0000000786000000| PB 0x0000000786000000| Untracked 
|  97|0x0000000786100000, 0x0000000786100000, 0x0000000786200000|  0%| F|  |TAMS 0x0000000786100000| PB 0x0000000786100000| Untracked 
|  98|0x0000000786200000, 0x0000000786200000, 0x0000000786300000|  0%| F|  |TAMS 0x0000000786200000| PB 0x0000000786200000| Untracked 
|  99|0x0000000786300000, 0x0000000786300000, 0x0000000786400000|  0%| F|  |TAMS 0x0000000786300000| PB 0x0000000786300000| Untracked 
| 100|0x0000000786400000, 0x0000000786400000, 0x0000000786500000|  0%| F|  |TAMS 0x0000000786400000| PB 0x0000000786400000| Untracked 
| 101|0x0000000786500000, 0x0000000786500000, 0x0000000786600000|  0%| F|  |TAMS 0x0000000786500000| PB 0x0000000786500000| Untracked 
| 102|0x0000000786600000, 0x0000000786600000, 0x0000000786700000|  0%| F|  |TAMS 0x0000000786600000| PB 0x0000000786600000| Untracked 
| 103|0x0000000786700000, 0x0000000786700000, 0x0000000786800000|  0%| F|  |TAMS 0x0000000786700000| PB 0x0000000786700000| Untracked 
| 104|0x0000000786800000, 0x0000000786800000, 0x0000000786900000|  0%| F|  |TAMS 0x0000000786800000| PB 0x0000000786800000| Untracked 
| 105|0x0000000786900000, 0x0000000786900000, 0x0000000786a00000|  0%| F|  |TAMS 0x0000000786900000| PB 0x0000000786900000| Untracked 
| 106|0x0000000786a00000, 0x0000000786a00000, 0x0000000786b00000|  0%| F|  |TAMS 0x0000000786a00000| PB 0x0000000786a00000| Untracked 
| 107|0x0000000786b00000, 0x0000000786b00000, 0x0000000786c00000|  0%| F|  |TAMS 0x0000000786b00000| PB 0x0000000786b00000| Untracked 
| 108|0x0000000786c00000, 0x0000000786c00000, 0x0000000786d00000|  0%| F|  |TAMS 0x0000000786c00000| PB 0x0000000786c00000| Untracked 
| 109|0x0000000786d00000, 0x0000000786d00000, 0x0000000786e00000|  0%| F|  |TAMS 0x0000000786d00000| PB 0x0000000786d00000| Untracked 
| 110|0x0000000786e00000, 0x0000000786e00000, 0x0000000786f00000|  0%| F|  |TAMS 0x0000000786e00000| PB 0x0000000786e00000| Untracked 
| 111|0x0000000786f00000, 0x0000000786f00000, 0x0000000787000000|  0%| F|  |TAMS 0x0000000786f00000| PB 0x0000000786f00000| Untracked 
| 112|0x0000000787000000, 0x0000000787000000, 0x0000000787100000|  0%| F|  |TAMS 0x0000000787000000| PB 0x0000000787000000| Untracked 
| 113|0x0000000787100000, 0x0000000787100000, 0x0000000787200000|  0%| F|  |TAMS 0x0000000787100000| PB 0x0000000787100000| Untracked 
| 114|0x0000000787200000, 0x0000000787200000, 0x0000000787300000|  0%| F|  |TAMS 0x0000000787200000| PB 0x0000000787200000| Untracked 
| 115|0x0000000787300000, 0x0000000787300000, 0x0000000787400000|  0%| F|  |TAMS 0x0000000787300000| PB 0x0000000787300000| Untracked 
| 116|0x0000000787400000, 0x0000000787400000, 0x0000000787500000|  0%| F|  |TAMS 0x0000000787400000| PB 0x0000000787400000| Untracked 
| 117|0x0000000787500000, 0x0000000787500000, 0x0000000787600000|  0%| F|  |TAMS 0x0000000787500000| PB 0x0000000787500000| Untracked 
| 118|0x0000000787600000, 0x0000000787600000, 0x0000000787700000|  0%| F|  |TAMS 0x0000000787600000| PB 0x0000000787600000| Untracked 
| 119|0x0000000787700000, 0x0000000787700000, 0x0000000787800000|  0%| F|  |TAMS 0x0000000787700000| PB 0x0000000787700000| Untracked 
| 120|0x0000000787800000, 0x0000000787800000, 0x0000000787900000|  0%| F|  |TAMS 0x0000000787800000| PB 0x0000000787800000| Untracked 
| 121|0x0000000787900000, 0x0000000787900000, 0x0000000787a00000|  0%| F|  |TAMS 0x0000000787900000| PB 0x0000000787900000| Untracked 
| 122|0x0000000787a00000, 0x0000000787a00000, 0x0000000787b00000|  0%| F|  |TAMS 0x0000000787a00000| PB 0x0000000787a00000| Untracked 
| 123|0x0000000787b00000, 0x0000000787b00000, 0x0000000787c00000|  0%| F|  |TAMS 0x0000000787b00000| PB 0x0000000787b00000| Untracked 
| 124|0x0000000787c00000, 0x0000000787d00000, 0x0000000787d00000|100%| E|  |TAMS 0x0000000787c00000| PB 0x0000000787c00000| Complete 
| 125|0x0000000787d00000, 0x0000000787e00000, 0x0000000787e00000|100%| E|CS|TAMS 0x0000000787d00000| PB 0x0000000787d00000| Complete 
| 126|0x0000000787e00000, 0x0000000787f00000, 0x0000000787f00000|100%| E|CS|TAMS 0x0000000787e00000| PB 0x0000000787e00000| Complete 
| 127|0x0000000787f00000, 0x0000000788000000, 0x0000000788000000|100%| E|CS|TAMS 0x0000000787f00000| PB 0x0000000787f00000| Complete 
|2046|0x00000007ffe00000, 0x00000007fff00000, 0x00000007fff00000|100%| O|  |TAMS 0x00000007ffe00000| PB 0x00000007ffe00000| Untracked 
|2047|0x00000007fff00000, 0x00000007fff08230, 0x0000000800000000|  3%| O|  |TAMS 0x00000007fff00000| PB 0x00000007fff00000| Untracked 

Card table byte_map: [0x0000000111746000,0x0000000111b46000] _byte_map_base: 0x000000010db46000

Marking Bits: (CMBitMap*) 0x00007faded029010
 Bits: [0x0000000111b46000, 0x0000000113b46000)

Polling page: 0x000000010f482000

Metaspace:

Usage:
  Non-class:      1.40 MB used.
      Class:    160.86 KB used.
       Both:      1.56 MB used.

Virtual space:
  Non-class space:       64.00 MB reserved,       1.44 MB (  2%) committed,  1 nodes.
      Class space:        1.00 GB reserved,     256.00 KB ( <1%) committed,  1 nodes.
             Both:        1.06 GB reserved,       1.69 MB ( <1%) committed. 

Chunk freelists:
   Non-Class:  11.69 MB
       Class:  15.69 MB
        Both:  27.37 MB

MaxMetaspaceSize: unlimited
CompressedClassSpaceSize: 1.00 GB
Initial GC threshold: 21.00 MB
Current GC threshold: 21.00 MB
CDS: on
 - commit_granule_bytes: 65536.
 - commit_granule_words: 8192.
 - virtual_space_node_default_size: 8388608.
 - enlarge_chunks_in_place: 1.
 - use_allocation_guard: 0.


Internal statistics:

num_allocs_failed_limit: 0.
num_arena_births: 28.
num_arena_deaths: 0.
num_vsnodes_births: 2.
num_vsnodes_deaths: 0.
num_space_committed: 27.
num_space_uncommitted: 0.
num_chunks_returned_to_freelist: 0.
num_chunks_taken_from_freelist: 54.
num_chunk_merges: 0.
num_chunk_splits: 31.
num_chunks_enlarged: 20.
num_inconsistent_stats: 0.

CodeHeap 'non-profiled nmethods': size=120032Kb used=143Kb max_used=143Kb free=119888Kb
 bounds [0x0000000128bf6000, 0x0000000128e66000, 0x000000013012e000]
CodeHeap 'profiled nmethods': size=120028Kb used=460Kb max_used=460Kb free=119567Kb
 bounds [0x000000012112e000, 0x000000012139e000, 0x0000000128665000]
CodeHeap 'non-nmethods': size=5700Kb used=1303Kb max_used=1319Kb free=4396Kb
 bounds [0x0000000128665000, 0x00000001288d5000, 0x0000000128bf6000]
CodeCache: size=245760Kb, used=1906Kb, max_used=1922Kb, free=243851Kb
 total_blobs=842, nmethods=412, adapters=336, full_count=0
Compilation: enabled, stopped_count=0, restarted_count=0

Compilation events (20 events):
Event: 1.046 Thread 0x00007fadee00d400 nmethod 405 0x000000012119ed90 code [0x000000012119ef40, 0x000000012119f0c0]
Event: 1.046 Thread 0x00007fadee00d400  406       3       java.lang.invoke.LambdaForm::uncustomize (57 bytes)
Event: 1.046 Thread 0x00007fadee00d400 nmethod 406 0x000000012119f190 code [0x000000012119f360, 0x000000012119f670]
Event: 1.048 Thread 0x00007fadec82be00 nmethod 398 0x0000000128c18090 code [0x0000000128c18240, 0x0000000128c18570]
Event: 1.048 Thread 0x00007fadec82be00  399       4       java.util.regex.Matcher::search (154 bytes)
Event: 1.051 Thread 0x00007fadee00d400  407       3       java.lang.StringUTF16::getChar (60 bytes)
Event: 1.052 Thread 0x00007fadee00d400 nmethod 407 0x000000012119f790 code [0x000000012119f920, 0x000000012119fa88]
Event: 1.054 Thread 0x00007fadee00d400  409       3       java.lang.String::charAt (25 bytes)
Event: 1.054 Thread 0x00007fadee00d400 nmethod 409 0x000000012119fb90 code [0x000000012119fd80, 0x00000001211a02b8]
Event: 1.054 Thread 0x00007fadee00d400  410       3       java.lang.String::isLatin1 (19 bytes)
Event: 1.054 Thread 0x00007fadee00d400 nmethod 410 0x00000001211a0510 code [0x00000001211a06a0, 0x00000001211a0808]
Event: 1.056 Thread 0x00007fadee00d400  411       3       java.util.zip.ZipFile$Source::getEntryHash (7 bytes)
Event: 1.057 Thread 0x00007fadee00d400 nmethod 411 0x00000001211a0890 code [0x00000001211a0a20, 0x00000001211a0b50]
Event: 1.059 Thread 0x00007fadee00d400  412       3       java.lang.CharacterDataLatin1::equalsIgnoreCase (63 bytes)
Event: 1.060 Thread 0x00007fadee00d400 nmethod 412 0x00000001211a0c10 code [0x00000001211a0dc0, 0x00000001211a1080]
Event: 1.072 Thread 0x00007fadec82be00 nmethod 399 0x0000000128c18810 code [0x0000000128c18a00, 0x0000000128c191d0]
Event: 1.072 Thread 0x00007fadec82be00  401       4       java.lang.String::checkIndex (10 bytes)
Event: 1.073 Thread 0x00007fadec82be00 nmethod 401 0x0000000128c19710 code [0x0000000128c19880, 0x0000000128c19920]
Event: 1.073 Thread 0x00007fadec82be00  408       4       java.lang.StringUTF16::getChar (60 bytes)
Event: 1.074 Thread 0x00007fadec82be00 nmethod 408 0x0000000128c19a10 code [0x0000000128c19ba0, 0x0000000128c19c88]

GC Heap History (0 events):
No events

Dll operation events (10 events):
Event: 0.016 Loaded shared library /Users/mac/Library/Java/JavaVirtualMachines/ms-21.0.9/Contents/Home/lib/libjava.dylib
Event: 0.211 Loaded shared library /Users/mac/Library/Java/JavaVirtualMachines/ms-21.0.9/Contents/Home/lib/libzip.dylib
Event: 0.221 Loaded shared library /Users/mac/Library/Java/JavaVirtualMachines/ms-21.0.9/Contents/Home/lib/libinstrument.dylib
Event: 0.228 Loaded shared library /Users/mac/Library/Java/JavaVirtualMachines/ms-21.0.9/Contents/Home/lib/libnio.dylib
Event: 0.236 Loaded shared library /Users/mac/Library/Java/JavaVirtualMachines/ms-21.0.9/Contents/Home/lib/libzip.dylib
Event: 0.273 Loaded shared library /Users/mac/Library/Java/JavaVirtualMachines/ms-21.0.9/Contents/Home/lib/libnet.dylib
Event: 0.286 Loaded shared library /Users/mac/Library/Java/JavaVirtualMachines/ms-21.0.9/Contents/Home/lib/libextnet.dylib
Event: 0.317 Loaded shared library /Users/mac/Library/Java/JavaVirtualMachines/ms-21.0.9/Contents/Home/lib/libjimage.dylib
Event: 0.353 Loaded shared library /Users/mac/Library/Java/JavaVirtualMachines/ms-21.0.9/Contents/Home/lib/libprefs.dylib
Event: 0.985 Loaded shared library /Users/mac/IdeaProjects/AudioSND/implementation/libaudio-snd.dylib

Deoptimization events (12 events):
Event: 0.252 Thread 0x00007fadec81ec00 Uncommon trap: trap_request=0xfffffff4 fr.pc=0x0000000128c016c4 relative=0x00000000000001a4
Event: 0.252 Thread 0x00007fadec81ec00 Uncommon trap: reason=null_check action=make_not_entrant pc=0x0000000128c016c4 method=java.lang.String.equals(Ljava/lang/Object;)Z @ 8 c2
Event: 0.252 Thread 0x00007fadec81ec00 DEOPT PACKING pc=0x0000000128c016c4 sp=0x0000700003802260
Event: 0.252 Thread 0x00007fadec81ec00 DEOPT UNPACKING pc=0x00000001286b8f99 sp=0x0000700003802218 mode 2
Event: 1.051 Thread 0x00007fadec81ec00 Uncommon trap: trap_request=0xffffff45 fr.pc=0x0000000128c09ce0 relative=0x00000000000000c0
Event: 1.051 Thread 0x00007fadec81ec00 Uncommon trap: reason=unstable_if action=reinterpret pc=0x0000000128c09ce0 method=java.lang.String.isLatin1()Z @ 10 c2
Event: 1.051 Thread 0x00007fadec81ec00 DEOPT PACKING pc=0x0000000128c09ce0 sp=0x0000700003802040
Event: 1.051 Thread 0x00007fadec81ec00 DEOPT UNPACKING pc=0x00000001286b8f99 sp=0x0000700003801fa0 mode 2
Event: 1.051 Thread 0x00007fadec81ec00 Uncommon trap: trap_request=0xffffff45 fr.pc=0x0000000128c0ac6c relative=0x000000000000006c
Event: 1.051 Thread 0x00007fadec81ec00 Uncommon trap: reason=unstable_if action=reinterpret pc=0x0000000128c0ac6c method=java.lang.String.isLatin1()Z @ 10 c2
Event: 1.051 Thread 0x00007fadec81ec00 DEOPT PACKING pc=0x0000000128c0ac6c sp=0x00007000038017e0
Event: 1.051 Thread 0x00007fadec81ec00 DEOPT UNPACKING pc=0x00000001286b8f99 sp=0x0000700003801790 mode 2

Classes loaded (20 events):
Event: 1.028 Loading class java/util/stream/SpinedBuffer done
Event: 1.028 Loading class java/util/stream/Nodes$SpinedNodeBuilder done
Event: 1.032 Loading class java/util/Formatter$FixedString
Event: 1.032 Loading class java/util/Formatter$FixedString done
Event: 1.035 Loading class jdk/internal/module/ModulePatcher$PatchedModuleReader
Event: 1.035 Loading class jdk/internal/module/ModulePatcher$PatchedModuleReader done
Event: 1.035 Loading class sun/net/www/protocol/jrt/Handler
Event: 1.035 Loading class sun/net/www/protocol/jrt/Handler done
Event: 1.044 Loading class sun/util/resources/LocaleData$CommonResourceBundleProvider
Event: 1.044 Loading class sun/util/resources/LocaleData$LocaleDataResourceBundleProvider
Event: 1.044 Loading class java/util/spi/ResourceBundleProvider
Event: 1.044 Loading class java/util/spi/ResourceBundleProvider done
Event: 1.044 Loading class sun/util/resources/LocaleData$LocaleDataResourceBundleProvider done
Event: 1.044 Loading class sun/util/resources/LocaleData$CommonResourceBundleProvider done
Event: 1.046 Loading class sun/util/resources/Bundles$2
Event: 1.046 Loading class sun/util/resources/Bundles$2 done
Event: 1.047 Loading class java/lang/InstantiationException
Event: 1.047 Loading class java/lang/InstantiationException done
Event: 1.047 Loading class java/lang/IllegalAccessException
Event: 1.047 Loading class java/lang/IllegalAccessException done

Classes unloaded (0 events):
No events

Classes redefined (0 events):
No events

Internal exceptions (4 events):
Event: 0.252 Thread 0x00007fadec81ec00 Implicit null exception at 0x0000000128c01563 to 0x0000000128c016b4
Event: 0.253 Thread 0x00007fadec81ec00 Exception <a 'java/lang/NoSuchMethodError'{0x0000000787ebf898}: 'void java.lang.invoke.DirectMethodHandle$Holder.invokeStatic(java.lang.Object, java.lang.Object, java.lang.Object)'> (0x0000000787ebf898) 
thrown [src/hotspot/share/interpreter/linkResolver.cpp, line 773]
Event: 0.262 Thread 0x00007fadec81ec00 Exception <a 'java/lang/NoSuchMethodError'{0x0000000787d0f930}: 'java.lang.Object java.lang.invoke.Invokers$Holder.invokeExact_MT(java.lang.Object, java.lang.Object, java.lang.Object, java.lang.Object, java.lang.Object)'> (0x0000000787d0f930) 
thrown [src/hotspot/share/interpreter/linkResolver.cpp, line 773]
Event: 0.295 Thread 0x00007fadee011400 Exception <a 'java/lang/NoSuchMethodError'{0x0000000787d4a710}: 'void java.lang.invoke.DirectMethodHandle$Holder.invokeStatic(java.lang.Object, java.lang.Object)'> (0x0000000787d4a710) 
thrown [src/hotspot/share/interpreter/linkResolver.cpp, line 773]

ZGC Phase Switch (0 events):
No events

VM Operations (2 events):
Event: 0.174 Executing VM operation: HandshakeAllThreads (Deoptimize)
Event: 0.174 Executing VM operation: HandshakeAllThreads (Deoptimize) done

Memory protections (12 events):
Event: 0.015 Protecting memory [0x0000700003703000,0x0000700003707000] with protection modes 0
Event: 0.127 Protecting memory [0x0000700004021000,0x0000700004025000] with protection modes 0
Event: 0.127 Protecting memory [0x0000700004124000,0x0000700004128000] with protection modes 0
Event: 0.127 Protecting memory [0x0000700004227000,0x000070000422b000] with protection modes 0
Event: 0.128 Protecting memory [0x000070000432a000,0x000070000432e000] with protection modes 0
Event: 0.128 Protecting memory [0x000070000442d000,0x0000700004431000] with protection modes 0
Event: 0.128 Protecting memory [0x0000700004530000,0x0000700004534000] with protection modes 0
Event: 0.128 Protecting memory [0x0000700004633000,0x0000700004637000] with protection modes 0
Event: 0.225 Protecting memory [0x0000700004736000,0x000070000473a000] with protection modes 0
Event: 0.269 Protecting memory [0x0000700004839000,0x000070000483d000] with protection modes 0
Event: 0.269 Protecting memory [0x000070000493c000,0x0000700004940000] with protection modes 0
Event: 0.363 Protecting memory [0x0000700004a3f000,0x0000700004a43000] with protection modes 0

Nmethod flushes (0 events):
No events

Events (12 events):
Event: 0.105 Thread 0x00007fadec81ec00 Thread added: 0x00007fadec81ec00
Event: 0.127 Thread 0x00007fadec81ec00 Thread added: 0x00007fadec009e00
Event: 0.127 Thread 0x00007fadec81ec00 Thread added: 0x00007fadec00a600
Event: 0.127 Thread 0x00007fadec81ec00 Thread added: 0x00007faded008e00
Event: 0.128 Thread 0x00007fadec81ec00 Thread added: 0x00007fadee056e00
Event: 0.128 Thread 0x00007fadec81ec00 Thread added: 0x00007fadec828e00
Event: 0.128 Thread 0x00007fadec81ec00 Thread added: 0x00007fadec82be00
Event: 0.128 Thread 0x00007fadec81ec00 Thread added: 0x00007fadee00d400
Event: 0.225 Thread 0x00007fadec81ec00 Thread added: 0x00007fadec8af000
Event: 0.269 Thread 0x00007fadec81ec00 Thread added: 0x00007fadee011400
Event: 0.269 Thread 0x00007fadec81ec00 Thread added: 0x00007faded061800
Event: 0.363 Thread 0x00007fadec81ec00 Thread added: 0x00007fadec829c00


Dynamic libraries:
0x00007fff72a79000 	/usr/lib/libz.1.dylib
0x000000010f440000 	/Users/mac/Library/Java/JavaVirtualMachines/ms-21.0.9/Contents/Home/lib/libjli.dylib
0x00007fff38a81000 	/System/Library/Frameworks/Cocoa.framework/Versions/A/Cocoa
0x00007fff460e8000 	/System/Library/Frameworks/Security.framework/Versions/A/Security
0x00007fff379e7000 	/System/Library/Frameworks/ApplicationServices.framework/Versions/A/ApplicationServices
0x00007fff704ad000 	/usr/lib/libSystem.B.dylib
0x00007fff7333a000 	/usr/lib/system/libcache.dylib
0x00007fff73340000 	/usr/lib/system/libcommonCrypto.dylib
0x00007fff7334c000 	/usr/lib/system/libcompiler_rt.dylib
0x00007fff73354000 	/usr/lib/system/libcopyfile.dylib
0x00007fff7335e000 	/usr/lib/system/libcorecrypto.dylib
0x00007fff734fd000 	/usr/lib/system/libdispatch.dylib
0x00007fff7353e000 	/usr/lib/system/libdyld.dylib
0x00007fff73575000 	/usr/lib/system/libkeymgr.dylib
0x00007fff73583000 	/usr/lib/system/liblaunch.dylib
0x00007fff73584000 	/usr/lib/system/libmacho.dylib
0x00007fff7358a000 	/usr/lib/system/libquarantine.dylib
0x00007fff7358d000 	/usr/lib/system/libremovefile.dylib
0x00007fff7358f000 	/usr/lib/system/libsystem_asl.dylib
0x00007fff735a7000 	/usr/lib/system/libsystem_blocks.dylib
0x00007fff735a8000 	/usr/lib/system/libsystem_c.dylib
0x00007fff73630000 	/usr/lib/system/libsystem_configuration.dylib
0x00007fff73634000 	/usr/lib/system/libsystem_coreservices.dylib
0x00007fff73638000 	/usr/lib/system/libsystem_darwin.dylib
0x00007fff73641000 	/usr/lib/system/libsystem_dnssd.dylib
0x00007fff73649000 	/usr/lib/system/libsystem_featureflags.dylib
0x00007fff7364b000 	/usr/lib/system/libsystem_info.dylib
0x00007fff736c6000 	/usr/lib/system/libsystem_m.dylib
0x00007fff73712000 	/usr/lib/system/libsystem_malloc.dylib
0x00007fff7373a000 	/usr/lib/system/libsystem_networkextension.dylib
0x00007fff73748000 	/usr/lib/system/libsystem_notify.dylib
0x00007fff73766000 	/usr/lib/system/libsystem_sandbox.dylib
0x00007fff7376b000 	/usr/lib/system/libsystem_secinit.dylib
0x00007fff73699000 	/usr/lib/system/libsystem_kernel.dylib
0x00007fff73752000 	/usr/lib/system/libsystem_platform.dylib
0x00007fff7375b000 	/usr/lib/system/libsystem_pthread.dylib
0x00007fff7376e000 	/usr/lib/system/libsystem_symptoms.dylib
0x00007fff73776000 	/usr/lib/system/libsystem_trace.dylib
0x00007fff7378e000 	/usr/lib/system/libunwind.dylib
0x00007fff73794000 	/usr/lib/system/libxpc.dylib
0x00007fff723a6000 	/usr/lib/libobjc.A.dylib
0x00007fff7087c000 	/usr/lib/libc++abi.dylib
0x00007fff70829000 	/usr/lib/libc++.1.dylib
0x00007fff39934000 	/System/Library/Frameworks/CoreFoundation.framework/Versions/A/CoreFoundation
0x00007fff3c019000 	/System/Library/Frameworks/Foundation.framework/Versions/C/Foundation
0x00007fff36bd9000 	/System/Library/Frameworks/AppKit.framework/Versions/C/AppKit
0x00007fff39405000 	/System/Library/Frameworks/CoreData.framework/Versions/A/CoreData
0x00007fff6a708000 	/System/Library/PrivateFrameworks/UIFoundation.framework/Versions/A/UIFoundation
0x00007fff6579c000 	/System/Library/PrivateFrameworks/RemoteViewServices.framework/Versions/A/RemoteViewServices
0x00007fff6d01d000 	/System/Library/PrivateFrameworks/XCTTargetBootstrap.framework/Versions/A/XCTTargetBootstrap
0x00007fff39801000 	/System/Library/Frameworks/CoreDisplay.framework/Versions/A/CoreDisplay
0x00007fff3eed8000 	/System/Library/Frameworks/Metal.framework/Versions/A/Metal
0x00007fff53799000 	/System/Library/PrivateFrameworks/DesktopServicesPriv.framework/Versions/A/DesktopServicesPriv
0x00007fff71681000 	/usr/lib/liblangid.dylib
0x00007fff52a2e000 	/System/Library/PrivateFrameworks/CoreSVG.framework/Versions/A/CoreSVG
0x00007fff688f8000 	/System/Library/PrivateFrameworks/SkyLight.framework/Versions/A/SkyLight
0x00007fff39db6000 	/System/Library/Frameworks/CoreGraphics.framework/Versions/A/CoreGraphics
0x00007fff35548000 	/System/Library/Frameworks/Accelerate.framework/Versions/A/Accelerate
0x00007fff7296a000 	/usr/lib/libxml2.2.dylib
0x00007fff5e725000 	/System/Library/PrivateFrameworks/IconServices.framework/Versions/A/IconServices
0x00007fff3c7f8000 	/System/Library/Frameworks/IOSurface.framework/Versions/A/IOSurface
0x00007fff6ffd7000 	/usr/lib/libDiagnosticMessagesClient.dylib
0x00007fff535f3000 	/System/Library/PrivateFrameworks/DFRFoundation.framework/Versions/A/DFRFoundation
0x00007fff71410000 	/usr/lib/libicucore.A.dylib
0x00007fff37d19000 	/System/Library/Frameworks/AudioToolbox.framework/Versions/A/AudioToolbox
0x00007fff37dfc000 	/System/Library/Frameworks/AudioUnit.framework/Versions/A/AudioUnit
0x00007fff70745000 	/usr/lib/libauto.dylib
0x00007fff53695000 	/System/Library/PrivateFrameworks/DataDetectorsCore.framework/Versions/A/DataDetectorsCore
0x00007fff385a2000 	/System/Library/Frameworks/Carbon.framework/Versions/A/Frameworks/HIToolbox.framework/Versions/A/HIToolbox
0x00007fff452e1000 	/System/Library/Frameworks/QuartzCore.framework/Versions/A/QuartzCore
0x00007fff388e1000 	/System/Library/Frameworks/Carbon.framework/Versions/A/Frameworks/SpeechRecognition.framework/Versions/A/SpeechRecognition
0x00007fff53107000 	/System/Library/PrivateFrameworks/CoreUI.framework/Versions/A/CoreUI
0x00007fff38e70000 	/System/Library/Frameworks/CoreAudio.framework/Versions/A/CoreAudio
0x00007fff3bcd7000 	/System/Library/Frameworks/DiskArbitration.framework/Versions/A/DiskArbitration
0x00007fff60775000 	/System/Library/PrivateFrameworks/MultitouchSupport.framework/Versions/A/MultitouchSupport
0x00007fff712d5000 	/usr/lib/libenergytrace.dylib
0x00007fff3c752000 	/System/Library/Frameworks/IOKit.framework/Versions/A/IOKit
0x00007fff3ad41000 	/System/Library/Frameworks/CoreServices.framework/Versions/A/CoreServices
0x00007fff6292f000 	/System/Library/PrivateFrameworks/PerformanceAnalysis.framework/Versions/A/PerformanceAnalysis
0x00007fff44314000 	/System/Library/Frameworks/OpenGL.framework/Versions/A/OpenGL
0x00007fff38a8f000 	/System/Library/Frameworks/ColorSync.framework/Versions/A/ColorSync
0x00007fff3a45c000 	/System/Library/Frameworks/CoreImage.framework/Versions/A/CoreImage
0x00007fff3b7b5000 	/System/Library/Frameworks/CoreText.framework/Versions/A/CoreText
0x00007fff3c888000 	/System/Library/Frameworks/ImageIO.framework/Versions/A/ImageIO
0x00007fff708a5000 	/usr/lib/libcompression.dylib
0x00007fff7031b000 	/usr/lib/libMobileGestalt.dylib
0x00007fff6a472000 	/System/Library/PrivateFrameworks/TextureIO.framework/Versions/A/TextureIO
0x00007fff70612000 	/usr/lib/libate.dylib
0x00007fff5e92e000 	/System/Library/PrivateFrameworks/InternationalSupport.framework/Versions/A/InternationalSupport
0x00007fff71683000 	/usr/lib/liblzma.5.dylib
0x00007fff712fe000 	/usr/lib/libfakelink.dylib
0x00007fff7059f000 	/usr/lib/libarchive.2.dylib
0x00007fff4719b000 	/System/Library/Frameworks/SystemConfiguration.framework/Versions/A/SystemConfiguration
0x00007fff6ff0a000 	/usr/lib/libCRFSuite.dylib
0x00007fff38193000 	/System/Library/Frameworks/CFNetwork.framework/Versions/A/CFNetwork
0x00007fff7080b000 	/usr/lib/libbsm.0.dylib
0x00007fff73576000 	/usr/lib/system/libkxld.dylib
0x00007fff4cf55000 	/System/Library/PrivateFrameworks/AppleFSCompression.framework/Versions/A/AppleFSCompression
0x00007fff70b97000 	/usr/lib/libcoretls.dylib
0x00007fff70bae000 	/usr/lib/libcoretls_cfhelpers.dylib
0x00007fff723eb000 	/usr/lib/libpam.2.dylib
0x00007fff72520000 	/usr/lib/libsqlite3.dylib
0x00007fff72957000 	/usr/lib/libxar.1.dylib
0x00007fff7081c000 	/usr/lib/libbz2.1.0.dylib
0x00007fff7131f000 	/usr/lib/libiconv.2.dylib
0x00007fff70892000 	/usr/lib/libcharset.1.dylib
0x00007fff71e89000 	/usr/lib/libnetwork.dylib
0x00007fff723f2000 	/usr/lib/libpcap.A.dylib
0x00007fff70554000 	/usr/lib/libapple_nghttp2.dylib
0x00007fff3b0f8000 	/System/Library/Frameworks/CoreServices.framework/Versions/A/Frameworks/FSEvents.framework/Versions/A/FSEvents
0x00007fff3adc8000 	/System/Library/Frameworks/CoreServices.framework/Versions/A/Frameworks/CarbonCore.framework/Versions/A/CarbonCore
0x00007fff3b33d000 	/System/Library/Frameworks/CoreServices.framework/Versions/A/Frameworks/Metadata.framework/Versions/A/Metadata
0x00007fff3b3d6000 	/System/Library/Frameworks/CoreServices.framework/Versions/A/Frameworks/OSServices.framework/Versions/A/OSServices
0x00007fff3b404000 	/System/Library/Frameworks/CoreServices.framework/Versions/A/Frameworks/SearchKit.framework/Versions/A/SearchKit
0x00007fff3ad42000 	/System/Library/Frameworks/CoreServices.framework/Versions/A/Frameworks/AE.framework/Versions/A/AE
0x00007fff3b101000 	/System/Library/Frameworks/CoreServices.framework/Versions/A/Frameworks/LaunchServices.framework/Versions/A/LaunchServices
0x00007fff3b0aa000 	/System/Library/Frameworks/CoreServices.framework/Versions/A/Frameworks/DictionaryServices.framework/Versions/A/DictionaryServices
0x00007fff3b46c000 	/System/Library/Frameworks/CoreServices.framework/Versions/A/Frameworks/SharedFileList.framework/Versions/A/SharedFileList
0x00007fff40133000 	/System/Library/Frameworks/NetFS.framework/Versions/A/NetFS
0x00007fff60ca5000 	/System/Library/PrivateFrameworks/NetAuth.framework/Versions/A/NetAuth
0x00007fff6d3ea000 	/System/Library/PrivateFrameworks/login.framework/Versions/A/Frameworks/loginsupport.framework/Versions/A/loginsupport
0x00007fff69f3d000 	/System/Library/PrivateFrameworks/TCC.framework/Versions/A/TCC
0x00007fff51b8b000 	/System/Library/PrivateFrameworks/CoreNLP.framework/Versions/A/CoreNLP
0x00007fff601a2000 	/System/Library/PrivateFrameworks/MetadataUtilities.framework/Versions/A/MetadataUtilities
0x00007fff7175b000 	/usr/lib/libmecabra.dylib
0x00007fff716b3000 	/usr/lib/libmecab.dylib
0x00007fff7130f000 	/usr/lib/libgermantok.dylib
0x00007fff7053b000 	/usr/lib/libThaiTokenizer.dylib
0x00007fff6ff41000 	/usr/lib/libChineseTokenizer.dylib
0x00007fff35561000 	/System/Library/Frameworks/Accelerate.framework/Versions/A/Frameworks/vImage.framework/Versions/A/vImage
0x00007fff36a2f000 	/System/Library/Frameworks/Accelerate.framework/Versions/A/Frameworks/vecLib.framework/Versions/A/vecLib
0x00007fff368b0000 	/System/Library/Frameworks/Accelerate.framework/Versions/A/Frameworks/vecLib.framework/Versions/A/libvMisc.dylib
0x00007fff3671d000 	/System/Library/Frameworks/Accelerate.framework/Versions/A/Frameworks/vecLib.framework/Versions/A/libvDSP.dylib
0x00007fff35dfd000 	/System/Library/Frameworks/Accelerate.framework/Versions/A/Frameworks/vecLib.framework/Versions/A/libBLAS.dylib
0x00007fff362d5000 	/System/Library/Frameworks/Accelerate.framework/Versions/A/Frameworks/vecLib.framework/Versions/A/libLAPACK.dylib
0x00007fff3667d000 	/System/Library/Frameworks/Accelerate.framework/Versions/A/Frameworks/vecLib.framework/Versions/A/libLinearAlgebra.dylib
0x00007fff3670a000 	/System/Library/Frameworks/Accelerate.framework/Versions/A/Frameworks/vecLib.framework/Versions/A/libSparseBLAS.dylib
0x00007fff36693000 	/System/Library/Frameworks/Accelerate.framework/Versions/A/Frameworks/vecLib.framework/Versions/A/libQuadrature.dylib
0x00007fff35f93000 	/System/Library/Frameworks/Accelerate.framework/Versions/A/Frameworks/vecLib.framework/Versions/A/libBNNS.dylib
0x00007fff36699000 	/System/Library/Frameworks/Accelerate.framework/Versions/A/Frameworks/vecLib.framework/Versions/A/libSparse.dylib
0x00007fff5ed16000 	/System/Library/PrivateFrameworks/LanguageModeling.framework/Versions/A/LanguageModeling
0x00007fff5153a000 	/System/Library/PrivateFrameworks/CoreEmoji.framework/Versions/A/CoreEmoji
0x00007fff5ee34000 	/System/Library/PrivateFrameworks/LinguisticData.framework/Versions/A/LinguisticData
0x00007fff5ede5000 	/System/Library/PrivateFrameworks/Lexicon.framework/Versions/A/Lexicon
0x00007fff70893000 	/usr/lib/libcmph.dylib
0x00007fff42d22000 	/System/Library/Frameworks/OpenDirectory.framework/Versions/A/Frameworks/CFOpenDirectory.framework/Versions/A/CFOpenDirectory
0x00007fff42d3f000 	/System/Library/Frameworks/OpenDirectory.framework/Versions/A/OpenDirectory
0x00007fff4b185000 	/System/Library/PrivateFrameworks/APFS.framework/Versions/A/APFS
0x00007fff46434000 	/System/Library/Frameworks/SecurityFoundation.framework/Versions/A/SecurityFoundation
0x00007fff72953000 	/usr/lib/libutil.dylib
0x00007fff52a86000 	/System/Library/PrivateFrameworks/CoreServicesStore.framework/Versions/A/CoreServicesStore
0x00007fff464eb000 	/System/Library/Frameworks/ServiceManagement.framework/Versions/A/ServiceManagement
0x00007fff4e727000 	/System/Library/PrivateFrameworks/BackgroundTaskManagement.framework/Versions/A/BackgroundTaskManagement
0x00007fff72a50000 	/usr/lib/libxslt.1.dylib
0x00007fff4d5c9000 	/System/Library/PrivateFrameworks/AppleSystemInfo.framework/Versions/A/AppleSystemInfo
0x00007fff3caa7000 	/System/Library/Frameworks/ImageIO.framework/Versions/A/Resources/libJPEG.dylib
0x00007fff3cd66000 	/System/Library/Frameworks/ImageIO.framework/Versions/A/Resources/libTIFF.dylib
0x00007fff3cd49000 	/System/Library/Frameworks/ImageIO.framework/Versions/A/Resources/libPng.dylib
0x00007fff3c9e9000 	/System/Library/Frameworks/ImageIO.framework/Versions/A/Resources/libGIF.dylib
0x00007fff3c9ed000 	/System/Library/Frameworks/ImageIO.framework/Versions/A/Resources/libJP2.dylib
0x00007fff3cd64000 	/System/Library/Frameworks/ImageIO.framework/Versions/A/Resources/libRadiance.dylib
0x00007fff712d6000 	/usr/lib/libexpat.1.dylib
0x00007fff4d0b0000 	/System/Library/PrivateFrameworks/AppleJPEG.framework/Versions/A/AppleJPEG
0x00007fff55d85000 	/System/Library/PrivateFrameworks/FontServices.framework/libFontParser.dylib
0x00007fff6c3ec000 	/System/Library/PrivateFrameworks/WatchdogClient.framework/Versions/A/WatchdogClient
0x00007fff5e371000 	/System/Library/PrivateFrameworks/IOAccelerator.framework/Versions/A/IOAccelerator
0x00007fff3f273000 	/System/Library/Frameworks/MetalPerformanceShaders.framework/Versions/A/MetalPerformanceShaders
0x00007fff5ab01000 	/System/Library/PrivateFrameworks/GPUWrangler.framework/Versions/A/GPUWrangler
0x00007fff5e386000 	/System/Library/PrivateFrameworks/IOPresentment.framework/Versions/A/IOPresentment
0x00007fff53606000 	/System/Library/PrivateFrameworks/DSExternalDisplay.framework/Versions/A/DSExternalDisplay
0x00007fff436b3000 	/System/Library/Frameworks/OpenGL.framework/Versions/A/Libraries/libCoreFSCache.dylib
0x00007fff3efbf000 	/System/Library/Frameworks/MetalPerformanceShaders.framework/Frameworks/MPSCore.framework/Versions/A/MPSCore
0x00007fff3effd000 	/System/Library/Frameworks/MetalPerformanceShaders.framework/Frameworks/MPSImage.framework/Versions/A/MPSImage
0x00007fff3f0c4000 	/System/Library/Frameworks/MetalPerformanceShaders.framework/Frameworks/MPSNeuralNetwork.framework/Versions/A/MPSNeuralNetwork
0x00007fff3f088000 	/System/Library/Frameworks/MetalPerformanceShaders.framework/Frameworks/MPSMatrix.framework/Versions/A/MPSMatrix
0x00007fff3f223000 	/System/Library/Frameworks/MetalPerformanceShaders.framework/Frameworks/MPSRayIntersector.framework/Versions/A/MPSRayIntersector
0x00007fff3f0ae000 	/System/Library/Frameworks/MetalPerformanceShaders.framework/Frameworks/MPSNDArray.framework/Versions/A/MPSNDArray
0x00007fff601ef000 	/System/Library/PrivateFrameworks/MetalTools.framework/Versions/A/MetalTools
0x00007fff4c35f000 	/System/Library/PrivateFrameworks/AggregateDictionary.framework/Versions/A/AggregateDictionary
0x00007fff50f81000 	/System/Library/PrivateFrameworks/CoreAnalytics.framework/Versions/A/CoreAnalytics
0x00007fff4d4e7000 	/System/Library/PrivateFrameworks/AppleSauce.framework/Versions/A/AppleSauce
0x00007fff701fd000 	/usr/lib/libIOReport.dylib
0x00007fff3b96e000 	/System/Library/Frameworks/CoreVideo.framework/Versions/A/CoreVideo
0x00007fff5bf7a000 	/System/Library/PrivateFrameworks/GraphVisualizer.framework/Versions/A/GraphVisualizer
0x00007fff552cb000 	/System/Library/PrivateFrameworks/FaceCore.framework/Versions/A/FaceCore
0x00007fff42cc9000 	/System/Library/Frameworks/OpenCL.framework/Versions/A/OpenCL
0x00007fff7001f000 	/usr/lib/libFosl_dynamic.dylib
0x00007fff616c7000 	/System/Library/PrivateFrameworks/OTSVG.framework/Versions/A/OTSVG
0x00007fff37aec000 	/System/Library/Frameworks/ApplicationServices.framework/Versions/A/Frameworks/ATS.framework/Versions/A/Resources/libFontRegistry.dylib
0x00007fff55f55000 	/System/Library/PrivateFrameworks/FontServices.framework/libhvf.dylib
0x00007fff436be000 	/System/Library/Frameworks/OpenGL.framework/Versions/A/Libraries/libGFXShared.dylib
0x00007fff4389c000 	/System/Library/Frameworks/OpenGL.framework/Versions/A/Libraries/libGLU.dylib
0x00007fff436c7000 	/System/Library/Frameworks/OpenGL.framework/Versions/A/Libraries/libGL.dylib
0x00007fff436d2000 	/System/Library/Frameworks/OpenGL.framework/Versions/A/Libraries/libGLImage.dylib
0x00007fff436b0000 	/System/Library/Frameworks/OpenGL.framework/Versions/A/Libraries/libCVMSPluginSupport.dylib
0x00007fff436b9000 	/System/Library/Frameworks/OpenGL.framework/Versions/A/Libraries/libCoreVMClient.dylib
0x00007fff71d2a000 	/usr/lib/libncurses.5.4.dylib
0x00007fff379e8000 	/System/Library/Frameworks/ApplicationServices.framework/Versions/A/Frameworks/ATS.framework/Versions/A/ATS
0x00007fff37bb5000 	/System/Library/Frameworks/ApplicationServices.framework/Versions/A/Frameworks/ColorSyncLegacy.framework/Versions/A/ColorSyncLegacy
0x00007fff37c53000 	/System/Library/Frameworks/ApplicationServices.framework/Versions/A/Frameworks/HIServices.framework/Versions/A/HIServices
0x00007fff37cab000 	/System/Library/Frameworks/ApplicationServices.framework/Versions/A/Frameworks/LangAnalysis.framework/Versions/A/LangAnalysis
0x00007fff37cba000 	/System/Library/Frameworks/ApplicationServices.framework/Versions/A/Frameworks/PrintCore.framework/Versions/A/PrintCore
0x00007fff37d00000 	/System/Library/Frameworks/ApplicationServices.framework/Versions/A/Frameworks/QD.framework/Versions/A/QD
0x00007fff37d0b000 	/System/Library/Frameworks/ApplicationServices.framework/Versions/A/Frameworks/SpeechSynthesis.framework/Versions/A/SpeechSynthesis
0x00007fff37b85000 	/System/Library/Frameworks/ApplicationServices.framework/Versions/A/Frameworks/ATSUI.framework/Versions/A/ATSUI
0x00007fff7116c000 	/usr/lib/libcups.2.dylib
0x00007fff3e30e000 	/System/Library/Frameworks/Kerberos.framework/Versions/A/Kerberos
0x00007fff3c44b000 	/System/Library/Frameworks/GSS.framework/Versions/A/GSS
0x00007fff724ac000 	/usr/lib/libresolv.9.dylib
0x00007fff5c127000 	/System/Library/PrivateFrameworks/Heimdal.framework/Versions/A/Heimdal
0x00007fff3e321000 	/System/Library/Frameworks/Kerberos.framework/Versions/A/Libraries/libHeimdalProxy.dylib
0x00007fff71315000 	/usr/lib/libheimdal-asn1.dylib
0x00007fff50419000 	/System/Library/PrivateFrameworks/CommonAuth.framework/Versions/A/CommonAuth
0x00007fff4d666000 	/System/Library/PrivateFrameworks/AssertionServices.framework/Versions/A/AssertionServices
0x00007fff4e209000 	/System/Library/PrivateFrameworks/AudioToolboxCore.framework/Versions/A/AudioToolboxCore
0x00007fff6d09a000 	/System/Library/PrivateFrameworks/caulk.framework/Versions/A/caulk
0x00007fff4e7d3000 	/System/Library/PrivateFrameworks/BaseBoard.framework/Versions/A/BaseBoard
0x00007fff6592a000 	/System/Library/PrivateFrameworks/RunningBoardServices.framework/Versions/A/RunningBoardServices
0x00007fff6293b000 	/System/Library/PrivateFrameworks/PersistentConnection.framework/Versions/A/PersistentConnection
0x00007fff65323000 	/System/Library/PrivateFrameworks/ProtocolBuffer.framework/Versions/A/ProtocolBuffer
0x00007fff5043d000 	/System/Library/PrivateFrameworks/CommonUtilities.framework/Versions/A/CommonUtilities
0x00007fff4e961000 	/System/Library/PrivateFrameworks/Bom.framework/Versions/A/Bom
0x00007fff6fed0000 	/usr/lib/libAudioToolboxUtility.dylib
0x00007fff4e731000 	/System/Library/PrivateFrameworks/Backup.framework/Versions/A/Backup
0x00007fff53527000 	/System/Library/PrivateFrameworks/CrashReporterSupport.framework/Versions/A/CrashReporterSupport
0x00007fff673bc000 	/System/Library/PrivateFrameworks/Sharing.framework/Versions/A/Sharing
0x00007fff4cc73000 	/System/Library/PrivateFrameworks/Apple80211.framework/Versions/A/Apple80211
0x00007fff4e44e000 	/System/Library/PrivateFrameworks/AuthKit.framework/Versions/A/AuthKit
0x00007fff53234000 	/System/Library/PrivateFrameworks/CoreUtils.framework/Versions/A/CoreUtils
0x00007fff3b9b3000 	/System/Library/Frameworks/CoreWLAN.framework/Versions/A/CoreWLAN
0x00007fff3c5d8000 	/System/Library/Frameworks/IOBluetooth.framework/Versions/A/IOBluetooth
0x00007fff604f4000 	/System/Library/PrivateFrameworks/MobileKeyBag.framework/Versions/A/MobileKeyBag
0x00007fff52023000 	/System/Library/PrivateFrameworks/CorePhoneNumbers.framework/Versions/A/CorePhoneNumbers
0x00007fff4d063000 	/System/Library/PrivateFrameworks/AppleIDAuthSupport.framework/Versions/A/AppleIDAuthSupport
0x00007fff40140000 	/System/Library/Frameworks/Network.framework/Versions/A/Network
0x00007fff5ebc2000 	/System/Library/PrivateFrameworks/KeychainCircle.framework/Versions/A/KeychainCircle
0x00007fff393cc000 	/System/Library/Frameworks/CoreBluetooth.framework/Versions/A/CoreBluetooth
0x00007fff6943b000 	/System/Library/PrivateFrameworks/SpeechRecognitionCore.framework/Versions/A/SpeechRecognitionCore
0x00007fff2c943000 	/System/Library/CoreServices/Encodings/libCyrillicConverter.dylib
0x000000010fe00000 	/Users/mac/Library/Java/JavaVirtualMachines/ms-21.0.9/Contents/Home/lib/server/libjvm.dylib
0x000000010f46e000 	/Users/mac/Library/Java/JavaVirtualMachines/ms-21.0.9/Contents/Home/lib/libjimage.dylib
0x000000010f484000 	/Users/mac/Library/Java/JavaVirtualMachines/ms-21.0.9/Contents/Home/lib/libinstrument.dylib
0x000000010f49c000 	/Users/mac/Library/Java/JavaVirtualMachines/ms-21.0.9/Contents/Home/lib/libjava.dylib
0x000000010f574000 	/Users/mac/Library/Java/JavaVirtualMachines/ms-21.0.9/Contents/Home/lib/libzip.dylib
0x000000010f58c000 	/Users/mac/Library/Java/JavaVirtualMachines/ms-21.0.9/Contents/Home/lib/libnio.dylib
0x000000010f5ac000 	/Users/mac/Library/Java/JavaVirtualMachines/ms-21.0.9/Contents/Home/lib/libnet.dylib
0x000000010f5c4000 	/Users/mac/Library/Java/JavaVirtualMachines/ms-21.0.9/Contents/Home/lib/libextnet.dylib
0x000000010f5d8000 	/Users/mac/Library/Java/JavaVirtualMachines/ms-21.0.9/Contents/Home/lib/libprefs.dylib
0x000000011788a000 	/Users/mac/IdeaProjects/AudioSND/implementation/libaudio-snd.dylib
0x00000001178ba000 	/System/Library/Extensions/AppleHDA.kext/Contents/PlugIns/AppleHDAHALPlugIn.bundle/Contents/MacOS/AppleHDAHALPlugIn
0x00000001178c7000 	/System/Library/Components/CoreAudio.component/Contents/MacOS/CoreAudio
0x00007fff4e0f2000 	/System/Library/PrivateFrameworks/AudioSession.framework/Versions/A/AudioSession
0x00007fff4e144000 	/System/Library/PrivateFrameworks/AudioSession.framework/libSessionUtility.dylib
0x00007fff52a52000 	/System/Library/PrivateFrameworks/CoreServicesInternal.framework/Versions/A/CoreServicesInternal

JVMTI agents:
/Applications/IntelliJ IDEA CE.app/Contents/lib/idea_rt.jar path:none, loaded, initialized, instrumentlib options:64370


VM Arguments:
jvm_args: -Djava.library.path=/Users/mac/IdeaProjects/AudioSND/implementation -javaagent:/Applications/IntelliJ IDEA CE.app/Contents/lib/idea_rt.jar=64370 -Dfile.encoding=UTF-8 -Dsun.stdout.encoding=UTF-8 -Dsun.stderr.encoding=UTF-8 
java_command: org.plovdev.audioengine.Main
java_class_path (initial): /Users/mac/IdeaProjects/AudioSND/implementation/target/classes:/Users/mac/IdeaProjects/AudioSND/core/target/classes:/Users/mac/.m2/repository/org/slf4j/slf4j-api/2.0.2/slf4j-api-2.0.2.jar:/Users/mac/.m2/repository/org/slf4j/slf4j-simple/2.0.2/slf4j-simple-2.0.2.jar:/Users/mac/.m2/repository/org/jetbrains/annotations/17.0.0/annotations-17.0.0.jar:/Users/mac/IdeaProjects/AudioSND/out/production/loaders
Launcher Type: SUN_STANDARD

[Global flags]
     intx CICompilerCount                          = 3                                         {product} {ergonomic}
     uint ConcGCThreads                            = 1                                         {product} {ergonomic}
     uint G1ConcRefinementThreads                  = 4                                         {product} {ergonomic}
   size_t G1HeapRegionSize                         = 1048576                                   {product} {ergonomic}
    uintx GCDrainStackTargetSize                   = 64                                        {product} {ergonomic}
   size_t InitialHeapSize                          = 134217728                                 {product} {ergonomic}
   size_t MarkStackSize                            = 4194304                                   {product} {ergonomic}
   size_t MaxHeapSize                              = 2147483648                                {product} {ergonomic}
   size_t MaxNewSize                               = 1287651328                                {product} {ergonomic}
   size_t MinHeapDeltaBytes                        = 1048576                                   {product} {ergonomic}
   size_t MinHeapSize                              = 8388608                                   {product} {ergonomic}
    uintx NonNMethodCodeHeapSize                   = 5832780                                {pd product} {ergonomic}
    uintx NonProfiledCodeHeapSize                  = 122912730                              {pd product} {ergonomic}
    uintx ProfiledCodeHeapSize                     = 122912730                              {pd product} {ergonomic}
    uintx ReservedCodeCacheSize                    = 251658240                              {pd product} {ergonomic}
     bool SegmentedCodeCache                       = true                                      {product} {ergonomic}
   size_t SoftMaxHeapSize                          = 2147483648                             {manageable} {ergonomic}
     bool UseCompressedOops                        = true                           {product lp64_product} {ergonomic}
     bool UseG1GC                                  = true                                      {product} {ergonomic}
     bool UseNUMA                                  = false                                     {product} {ergonomic}
     bool UseNUMAInterleaving                      = false                                     {product} {ergonomic}

Logging:
Log output configuration:
 #0: stdout all=warning uptime,level,tags foldmultilines=false
 #1: stderr all=off uptime,level,tags foldmultilines=false

Release file:
IMPLEMENTOR="Microsoft"
IMPLEMENTOR_VERSION="Microsoft-12574466"
JAVA_RUNTIME_VERSION="21.0.9+10-LTS"
JAVA_VERSION="21.0.9"
JAVA_VERSION_DATE="2025-10-21"
LIBC="default"
MODULES="java.base java.compiler java.datatransfer java.xml java.prefs java.desktop java.instrument java.logging java.management java.security.sasl java.naming java.rmi java.management.rmi java.net.http java.scripting java.security.jgss java.transaction.xa java.sql java.sql.rowset java.xml.crypto java.se java.smartcardio jdk.accessibility jdk.internal.jvmstat jdk.attach jdk.charsets jdk.internal.opt jdk.zipfs jdk.compiler jdk.crypto.ec jdk.crypto.cryptoki jdk.dynalink jdk.internal.ed jdk.editpad jdk.hotspot.agent jdk.httpserver jdk.incubator.vector jdk.internal.le jdk.internal.vm.ci jdk.internal.vm.compiler jdk.internal.vm.compiler.management jdk.jartool jdk.javadoc jdk.jcmd jdk.management jdk.management.agent jdk.jconsole jdk.jdeps jdk.jdwp.agent jdk.jdi jdk.jfr jdk.jlink jdk.jpackage jdk.jshell jdk.jsobject jdk.jstatd jdk.localedata jdk.management.jfr jdk.naming.dns jdk.naming.rmi jdk.net jdk.nio.mapmode jdk.random jdk.sctp jdk.security.auth jdk.security.jgss jdk.unsupported jdk.unsupported.desktop jdk.xml.dom"
OS_ARCH="x86_64"
OS_NAME="Darwin"
SOURCE=".:git:e0bc49609000"

Environment Variables:
PATH=/Users/mac/maven/bin/bin:/Users/mac/maven/bin/bin:/Applications/CMake.app/Contents/bin:/usr/local/bin:/usr/local/sbin:/usr/local/bin:/usr/bin:/bin:/usr/sbin:/sbin
SHELL=/bin/bash
LC_CTYPE=ru_RU.UTF-8
TMPDIR=/var/folders/57/xgqcb4yj1_958k83lyr82lrw0000gn/T/

Active Locale:
LC_ALL=C/ru_RU.UTF-8/C/C/C/C
LC_COLLATE=C
LC_CTYPE=ru_RU.UTF-8
LC_MESSAGES=C
LC_MONETARY=C
LC_NUMERIC=C
LC_TIME=C

Signal Handlers:
   SIGSEGV: crash_handler in libjvm.dylib, mask=11100110000111110111111111111111, flags=SA_ONSTACK|SA_RESTART|SA_SIGINFO, unblocked
    SIGBUS: crash_handler in libjvm.dylib, mask=11100110000111110111111111111111, flags=SA_RESTART|SA_SIGINFO, unblocked
    SIGFPE: crash_handler in libjvm.dylib, mask=11100110000111110111111111111111, flags=SA_RESTART|SA_SIGINFO, unblocked
   SIGPIPE: javaSignalHandler in libjvm.dylib, mask=11100110000111110111111111111111, flags=SA_RESTART|SA_SIGINFO, blocked
   SIGXFSZ: javaSignalHandler in libjvm.dylib, mask=11100110000111110111111111111111, flags=SA_RESTART|SA_SIGINFO, blocked
    SIGILL: crash_handler in libjvm.dylib, mask=11100110000111110111111111111111, flags=SA_RESTART|SA_SIGINFO, unblocked
   SIGUSR2: SR_handler in libjvm.dylib, mask=00000000000000000000000000000000, flags=SA_RESTART|SA_SIGINFO, blocked
    SIGHUP: UserHandler in libjvm.dylib, mask=11100110000111110111111111111111, flags=SA_RESTART|SA_SIGINFO, blocked
    SIGINT: UserHandler in libjvm.dylib, mask=11100110000111110111111111111111, flags=SA_RESTART|SA_SIGINFO, blocked
   SIGTERM: UserHandler in libjvm.dylib, mask=11100110000111110111111111111111, flags=SA_RESTART|SA_SIGINFO, blocked
   SIGQUIT: UserHandler in libjvm.dylib, mask=11100110000111110111111111111111, flags=SA_RESTART|SA_SIGINFO, blocked
   SIGTRAP: crash_handler in libjvm.dylib, mask=11100110000111110111111111111111, flags=SA_RESTART|SA_SIGINFO, unblocked


Periodic native trim disabled

---------------  S Y S T E M  ---------------

OS:
uname: Darwin 19.6.0 Darwin Kernel Version 19.6.0: Tue Jun 21 21:18:39 PDT 2022; root:xnu-6153.141.66~1/RELEASE_X86_64 x86_64
OS uptime: 17 days 20:46 hours
rlimit (soft/hard): STACK 8192k/65532k , CORE 0k/infinity , NPROC 1392/2088 , NOFILE 10240/infinity , AS infinity/infinity , CPU infinity/infinity , DATA infinity/infinity , FSIZE infinity/infinity , MEMLOCK infinity/infinity , RSS infinity/infinity
load average: 2.48 2.85 2.63

CPU: total 4 (initial active 4) (2 cores per cpu, 2 threads per core) family 6 model 58 stepping 9 microcode 0x21, cx8, cmov, fxsr, ht, mmx, sse, sse2, sse3, ssse3, sse4.1, sse4.2, popcnt, tsc, tscinvbit, avx, aes, erms, clmul, vzeroupper, clflush, rdtscp, f16c
machdep.cpu.brand_string:Intel(R) Core(TM) i7-3667U CPU @ 2.00GHz
hw.cpufrequency:2000000000
hw.cpufrequency_min:2000000000
hw.cpufrequency_max:2000000000
hw.cachelinesize:64
hw.l1icachesize:32768
hw.l1dcachesize:32768
hw.l2cachesize:262144
hw.l3cachesize:4194304

Memory: 4k page, physical 8388608k(78784k free), swap 2097152k(1651712k free)

vm_info: OpenJDK 64-Bit Server VM (21.0.9+10-LTS) for bsd-amd64 JRE (21.0.9+10-LTS), built on 2025-10-13T22:14:45Z by "MicrosoftCorporation" with clang Apple LLVM 14.0.0 (clang-1400.0.29.202)

END.
