#
# A fatal error has been detected by the Java Runtime Environment:
#
#  SIGSEGV (0xb) at pc=0x000000010702726c, pid=81366, tid=10243
#
# JRE version: OpenJDK Runtime Environment Microsoft-12574466 (21.0.9+10) (build 21.0.9+10-LTS)
# Java VM: OpenJDK 64-Bit Server VM Microsoft-12574466 (21.0.9+10-LTS, mixed mode, sharing, tiered, compressed oops, compressed class ptrs, g1 gc, bsd-amd64)
# Problematic frame:
# V  [libjvm.dylib+0x62726c]  jni_NewObjectV+0x16c
#
# No core dump will be written. Core dumps have been disabled. To enable core dumping, try "ulimit -c unlimited" before starting Java again
#
# If you would like to submit a bug report, please visit:
#   https://github.com/microsoft/openjdk/issues
#

---------------  S U M M A R Y ------------

Command Line: -Djava.library.path=/Users/mac/IdeaProjects/AudioSND/implementation -javaagent:/Applications/IntelliJ IDEA CE.app/Contents/lib/idea_rt.jar=59606 -Dfile.encoding=UTF-8 -Dsun.stdout.encoding=UTF-8 -Dsun.stderr.encoding=UTF-8 org.plovdev.audioengine.Main

Host: "MacBookAir5,2" x86_64 2000 MHz, 4 cores, 8G, Darwin 19.6.0, macOS 10.15.7 (19H2026)
Time: Fri Dec 19 20:26:16 2025 MSK elapsed time: 1.078334 seconds (0d 0h 0m 1s)

---------------  T H R E A D  ---------------

Current thread (0x00007f9464808800):  JavaThread "main"             [_thread_in_vm, id=10243, stack(0x0000700002e2c000,0x0000700002f2c000) (1024K)]

Stack: [0x0000700002e2c000,0x0000700002f2c000],  sp=0x0000700002f2b310,  free space=1020k
Native frames: (J=compiled Java code, j=interpreted, Vv=VM code, C=native code)
V  [libjvm.dylib+0x62726c]  jni_NewObjectV+0x16c
C  [libaudio-snd.dylib+0x21ec]  JNIEnv_::NewObject(_jclass*, _jmethodID*, ...)+0x18c
C  [libaudio-snd.dylib+0x27c0]  getDeviceSupportedFormats(JNIEnv_*, unsigned int, int)+0x540
C  [libaudio-snd.dylib+0x1fa5]  createAudioDeviceInfo(JNIEnv_*, unsigned int, std::__1::basic_string<char, std::__1::char_traits<char>, std::__1::allocator<char> > const&, int)+0x215
C  [libaudio-snd.dylib+0x370d]  Java_org_plovdev_audioengine_devices_AudioDeviceManager_getOutputDevices+0x3bd
j  org.plovdev.audioengine.devices.AudioDeviceManager.getOutputDevices()Ljava/util/List;+0
j  org.plovdev.audioengine.devices.AudioDeviceManager.getDefaultOutputDevice()Lorg/plovdev/audioengine/devices/NativeOutputAudioDevice;+1
j  org.plovdev.audioengine.NativeAudioEngine.getTrackPlayer(Lorg/plovdev/audioengine/tracks/Track;)Lorg/plovdev/audioengine/tracks/TrackPlayer;+20
j  org.plovdev.audioengine.Main.main([Ljava/lang/String;)V+19
v  ~StubRoutines::call_stub 0x000000011b879cc6
V  [libjvm.dylib+0x5bc4ab]  JavaCalls::call_helper(JavaValue*, methodHandle const&, JavaCallArguments*, JavaThread*)+0x2ab
V  [libjvm.dylib+0x630b4a]  jni_invoke_static(JNIEnv_*, JavaValue*, _jobject*, JNICallType, _jmethodID*, JNI_ArgumentPusher*, JavaThread*)+0x1ba
V  [libjvm.dylib+0x63485f]  jni_CallStaticVoidMethod+0x17f
C  [libjli.dylib+0x4f9b]  JavaMain+0xccb
C  [libjli.dylib+0x7729]  ThreadJavaMain+0x9
C  [libsystem_pthread.dylib+0x6109]  _pthread_start+0x94
C  [libsystem_pthread.dylib+0x1b8b]  thread_start+0xf
Java frames: (J=compiled Java code, j=interpreted, Vv=VM code)
j  org.plovdev.audioengine.devices.AudioDeviceManager.getOutputDevices()Ljava/util/List;+0
j  org.plovdev.audioengine.devices.AudioDeviceManager.getDefaultOutputDevice()Lorg/plovdev/audioengine/devices/NativeOutputAudioDevice;+1
j  org.plovdev.audioengine.NativeAudioEngine.getTrackPlayer(Lorg/plovdev/audioengine/tracks/Track;)Lorg/plovdev/audioengine/tracks/TrackPlayer;+20
j  org.plovdev.audioengine.Main.main([Ljava/lang/String;)V+19
v  ~StubRoutines::call_stub 0x000000011b879cc6

siginfo: si_signo: 11 (SIGSEGV), si_code: 1 (SEGV_MAPERR), si_addr: 0x0000000000000000

Registers:
RAX=0x00007f9462721b78, RBX=0x0000700002f2b550, RCX=0x0000000787f25288, RDX=0x0000000000000012
RSP=0x0000700002f2b310, RBP=0x0000700002f2b3b0, RSI=0x00007f9464808800, RDI=0x00007f9462721af0
R8 =0x00007f946241c08a, R9 =0x0000000000000000, R10=0x00007f9464808bb8, R11=0x0000000107027100
R12=0x0000000000000000, R13=0x00007f9462721b78, R14=0x0000000000000000, R15=0x00007f9464808800
RIP=0x000000010702726c, EFLAGS=0x0000000000010206, ERR=0x0000000000000004
  TRAPNO=0x000000000000000e


Register to memory mapping:

RAX=0x00007f9462721b78 points into unknown readable memory: 0x0000000787f25288 | 88 52 f2 87 07 00 00 00
RBX=0x0000700002f2b550 is pointing into the stack for thread: 0x00007f9464808800
RCX=0x0000000787f25288 is an oop: org.plovdev.audioengine.tracks.format.TrackFormat 
{0x0000000787f25288} - klass: 'org/plovdev/audioengine/tracks/format/TrackFormat'
 - ---- fields (total size 5 words):
 - private final 'channels' 'I' @12  0 (0x00000000)
 - private final 'bitsPerSample' 'I' @16  0 (0x00000000)
 - private final 'sampleRate' 'I' @20  0 (0x00000000)
 - private final 'signed' 'Z' @24  false (0x00)
 - private final 'extension' 'Ljava/lang/String;' @28  null (0x00000000)
 - private final 'byteOrder' 'Ljava/nio/ByteOrder;' @32  null (0x00000000)
 - private final 'audioCodec' 'Lorg/plovdev/audioengine/tracks/format/TrackFormat$AudioCodec;' @36  null (0x00000000)
RDX=0x0000000000000012 is an unknown value
RSP=0x0000700002f2b310 is pointing into the stack for thread: 0x00007f9464808800
RBP=0x0000700002f2b3b0 is pointing into the stack for thread: 0x00007f9464808800
RSI=0x00007f9464808800 is a thread
RDI=0x00007f9462721af0 points into unknown readable memory: 0x0000000787f201b0 | b0 01 f2 87 07 00 00 00
R8 =0x00007f946241c08a is a global jni handle
R9 =0x0 is null
R10=0x00007f9464808bb8 points into unknown readable memory: 0x000000010789b030 | 30 b0 89 07 01 00 00 00
R11=0x0000000107027100: jni_NewObjectV+0 in /Users/mac/Library/Java/JavaVirtualMachines/ms-21.0.9/Contents/Home/lib/server/libjvm.dylib at 0x0000000106a00000
R12=0x0 is null
R13=0x00007f9462721b78 points into unknown readable memory: 0x0000000787f25288 | 88 52 f2 87 07 00 00 00
R14=0x0 is null
R15=0x00007f9464808800 is a thread

Top of Stack: (sp=0x0000700002f2b310)
0x0000700002f2b310:   0000700002f2b380 00007fff38f381e6
0x0000700002f2b320:   00007fff910c0778 c7f6b8ec8601007d
0x0000700002f2b330:   0000000000000031 00007f9462752b90
0x0000700002f2b340:   c7f6b8ec8601007d 00007f9462452c70
0x0000700002f2b350:   0000000000000000 00007f940000000e
0x0000700002f2b360:   0000000000000000 00007f9464808800
0x0000700002f2b370:   00007f9462705e30 0000000000000435
0x0000700002f2b380:   00000001076fd704 00007f946241c08a
0x0000700002f2b390:   0000000000000000 0000000167444f90
0x0000700002f2b3a0:   0000700002f2b9f8 00007f9464808800
0x0000700002f2b3b0:   0000700002f2b580 0000000112da31ec
0x0000700002f2b3c0:   00007fff910c0778 0000700002f2b550
0x0000700002f2b3d0:   00007f9464808bb8 00007f946241c08a
0x0000700002f2b3e0:   0000000000000000 00007f9462721b70
0x0000700002f2b3f0:   0000000000000002 0000000000000018
0x0000700002f2b400:   0000000000000000 0000000000000000
0x0000700002f2b410:   000000096c70636d 0000000100000008
0x0000700002f2b420:   0000000200000008 00007fff00000020
0x0000700002f2b430:   40e7700000000000 000000096c70636d
0x0000700002f2b440:   0000000100000008 0000000200000008
0x0000700002f2b450:   0000000100000008 0000000200000008
0x0000700002f2b460:   00007fff00000020 40e5888000000000
0x0000700002f2b470:   000000096c70636d 0000000100000008
0x0000700002f2b480:   0000700002f2b4b0 0000000107879588
0x0000700002f2b490:   0000000787f25270 00007f9462721b70
0x0000700002f2b4a0:   0000000000000002 0000000000000018
0x0000700002f2b4b0:   0000700002f2b4f0 0000000106fbdb7e
0x0000700002f2b4c0:   0100b8ec00000003 00007f9464808800
0x0000700002f2b4d0:   00007f9464808800 0000000167444f90
0x0000700002f2b4e0:   0000000787f25258 0000000167444f98
0x0000700002f2b4f0:   00007f9464808800 0000000167444f90
0x0000700002f2b500:   00007f9464808bb8 0000000112da8d00 

Instructions: (pc=0x000000010702726c)
0x000000010702716c:   00 00 00 31 d2 e8 1a aa 3b 00 41 f7 87 40 04 00
0x000000010702717c:   00 0c 00 00 00 75 35 eb 3b 48 8d 05 c4 30 8a 00
0x000000010702718c:   80 38 00 41 c7 87 44 04 00 00 06 00 00 00 74 b7
0x000000010702719c:   49 8b 87 48 04 00 00 48 a9 01 00 00 00 75 bc 41
0x00000001070271ac:   f7 87 40 04 00 00 0c 00 00 00 74 08 4c 89 ff e8
0x00000001070271bc:   b0 86 fa ff 41 c7 87 44 04 00 00 06 00 00 00 4c
0x00000001070271cc:   89 7d b8 48 c7 45 c0 00 00 00 00 49 83 7f 08 00
0x00000001070271dc:   74 09 48 8d 7d b8 e8 79 e2 36 00 4c 89 ef 4c 89
0x00000001070271ec:   e6 4c 89 f2 90 0f 1f 40 00 44 89 e0 83 e0 03 48
0x00000001070271fc:   83 f8 02 74 14 83 f8 01 75 39 49 83 c4 ff 4c 89
0x000000010702720c:   e7 ff 15 bd f8 86 00 eb 0d 49 83 c4 fe 4c 89 e7
0x000000010702721c:   ff 15 8e e5 86 00 48 89 c7 4c 89 fe e8 d3 c3 f6
0x000000010702722c:   ff 49 83 7f 08 00 74 1e 45 31 ed 45 31 e4 e9 80
0x000000010702723c:   00 00 00 49 8b 3c 24 4c 89 fe e8 b5 c3 f6 ff 49
0x000000010702724c:   83 7f 08 00 75 e2 45 31 e4 4c 89 ff 48 89 c6 31
0x000000010702725c:   d2 e8 9e ef 03 00 49 89 c5 c7 45 a8 0e 00 00 00
0x000000010702726c:   49 8b 36 48 8d bd 68 ff ff ff e8 05 db 01 00 48
0x000000010702727c:   8d 05 46 9a 84 00 48 89 85 68 ff ff ff 0f 10 03
0x000000010702728c:   0f 11 45 90 48 8b 43 10 48 89 45 a0 48 8d 7d a8
0x000000010702729c:   4c 89 ee ba 02 00 00 00 4c 89 f1 4c 8d 85 68 ff
0x00000001070272ac:   ff ff 4d 89 f9 e8 ba f9 ff ff 49 83 7f 08 00 4d
0x00000001070272bc:   0f 44 e5 4c 89 ef 90 0f 1f 40 00 48 83 7d c0 00
0x00000001070272cc:   74 09 48 8d 7d b8 e8 f9 e1 36 00 49 8b 9f 98 01
0x00000001070272dc:   00 00 48 8b 43 10 48 83 38 00 74 0c 48 89 df e8
0x00000001070272ec:   70 78 f3 ff 48 8b 43 10 48 8b 4b 08 48 89 41 10
0x00000001070272fc:   48 8b 43 08 48 8b 4b 18 48 89 48 18 48 8b 43 08
0x000000010702730c:   48 8b 4b 20 48 89 48 20 49 8d bf 98 03 00 00 e8
0x000000010702731c:   50 0c e7 ff 41 c7 87 44 04 00 00 04 00 00 00 4c
0x000000010702732c:   89 e0 48 83 c4 78 5b 41 5c 41 5d 41 5e 41 5f 5d
0x000000010702733c:   c3 0f 1f 00 55 48 89 e5 41 57 41 56 41 55 41 54
0x000000010702734c:   53 48 81 ec 48 01 00 00 49 89 d6 49 89 f7 49 89
0x000000010702735c:   fc 48 89 8d a8 fe ff ff 4c 89 85 b0 fe ff ff 4c 


Stack slot to memory mapping:

stack at sp + 0 slots: 0x0000700002f2b380 is pointing into the stack for thread: 0x00007f9464808800
stack at sp + 1 slots: 0x00007fff38f381e6: _ZN19HALC_ShellObjectMap13ReleaseObjectEP16HALC_ShellObject+0x172 in /System/Library/Frameworks/CoreAudio.framework/Versions/A/CoreAudio at 0x00007fff38e70000
stack at sp + 2 slots: 0x00007fff910c0778: _ZN19HALC_ShellObjectMap26sObjectInfoListInitializedE+0 in /System/Library/Frameworks/CoreAudio.framework/Versions/A/CoreAudio at 0x00007fff38e70000
stack at sp + 3 slots: 0xc7f6b8ec8601007d is an unknown value
stack at sp + 4 slots: 0x0000000000000031 is an unknown value
stack at sp + 5 slots: 0x00007f9462752b90 points into unknown readable memory: 0x00007fff910905f0 | f0 05 09 91 ff 7f 00 00
stack at sp + 6 slots: 0xc7f6b8ec8601007d is an unknown value
stack at sp + 7 slots: 0x00007f9462452c70 points into unknown readable memory: 0x00007fff910b9270 | 70 92 0b 91 ff 7f 00 00


---------------  P R O C E S S  ---------------

Threads class SMR info:
_java_thread_list=0x00007f946244e2d0, length=12, elements={
0x00007f9464808800, 0x00007f946484aa00, 0x00007f946381b000, 0x00007f9462839000,
0x00007f946381c200, 0x00007f946381ca00, 0x00007f946283ba00, 0x00007f9464847c00,
0x00007f946381d200, 0x00007f9462896a00, 0x00007f9463009c00, 0x00007f9462839800
}

Java Threads: ( => current thread )
=>0x00007f9464808800 JavaThread "main"                              [_thread_in_vm, id=10243, stack(0x0000700002e2c000,0x0000700002f2c000) (1024K)]
  0x00007f946484aa00 JavaThread "Reference Handler"          daemon [_thread_blocked, id=23811, stack(0x000070000374a000,0x000070000384a000) (1024K)]
  0x00007f946381b000 JavaThread "Finalizer"                  daemon [_thread_blocked, id=40451, stack(0x000070000384d000,0x000070000394d000) (1024K)]
  0x00007f9462839000 JavaThread "Signal Dispatcher"          daemon [_thread_blocked, id=24579, stack(0x0000700003950000,0x0000700003a50000) (1024K)]
  0x00007f946381c200 JavaThread "Service Thread"             daemon [_thread_blocked, id=40195, stack(0x0000700003a53000,0x0000700003b53000) (1024K)]
  0x00007f946381ca00 JavaThread "Monitor Deflation Thread"   daemon [_thread_blocked, id=39939, stack(0x0000700003b56000,0x0000700003c56000) (1024K)]
  0x00007f946283ba00 JavaThread "C2 CompilerThread0"         daemon [_thread_blocked, id=25603, stack(0x0000700003c59000,0x0000700003d59000) (1024K)]
  0x00007f9464847c00 JavaThread "C1 CompilerThread0"         daemon [_thread_blocked, id=39683, stack(0x0000700003d5c000,0x0000700003e5c000) (1024K)]
  0x00007f946381d200 JavaThread "Common-Cleaner"             daemon [_thread_blocked, id=39171, stack(0x0000700003e5f000,0x0000700003f5f000) (1024K)]
  0x00007f9462896a00 JavaThread "Monitor Ctrl-Break"         daemon [_thread_in_native, id=38659, stack(0x0000700003f62000,0x0000700004062000) (1024K)]
  0x00007f9463009c00 JavaThread "Notification Thread"        daemon [_thread_blocked, id=38403, stack(0x0000700004065000,0x0000700004165000) (1024K)]
  0x00007f9462839800 JavaThread "Timer-0"                    daemon [_thread_blocked, id=37891, stack(0x0000700004168000,0x0000700004268000) (1024K)]
Total: 12

Other Threads:
  0x00007f9462720940 VMThread "VM Thread"                           [id=16131, stack(0x0000700003541000,0x0000700003641000) (1024K)]
  0x00007f946241a1e0 WatcherThread "VM Periodic Task Thread"        [id=19203, stack(0x000070000343e000,0x000070000353e000) (1024K)]
  0x00007f9462713480 WorkerThread "GC Thread#0"                     [id=12803, stack(0x0000700002f2f000,0x000070000302f000) (1024K)]
  0x00007f946274c200 WorkerThread "GC Thread#1"                     [id=26375, stack(0x000070000426b000,0x000070000436b000) (1024K)]
  0x00007f946274cbb0 WorkerThread "GC Thread#2"                     [id=37123, stack(0x000070000436e000,0x000070000446e000) (1024K)]
  0x00007f9462714390 ConcurrentGCThread "G1 Main Marker"            [id=20227, stack(0x0000700003032000,0x0000700003132000) (1024K)]
  0x00007f9462509250 WorkerThread "G1 Conc#0"                       [id=13571, stack(0x0000700003135000,0x0000700003235000) (1024K)]
  0x00007f9463809c00 ConcurrentGCThread "G1 Refine#0"               [id=19715, stack(0x0000700003238000,0x0000700003338000) (1024K)]
  0x00007f9462609cf0 ConcurrentGCThread "G1 Service"                [id=19459, stack(0x000070000333b000,0x000070000343b000) (1024K)]
Total: 9

Threads with active compile tasks:
Total: 0

VM state: not at safepoint (normal execution)

VM Mutex/Monitor currently owned by a thread: None

Heap address: 0x0000000780000000, size: 2048 MB, Compressed Oops mode: Zero based, Oop shift amount: 3

CDS archive(s) mapped at: [0x0000000126000000-0x0000000126c98000-0x0000000126c98000), size 13205504, SharedBaseAddress: 0x0000000126000000, ArchiveRelocationMode: 1.
Compressed class space mapped at: 0x0000000127000000-0x0000000167000000, reserved size: 1073741824
Narrow klass base: 0x0000000126000000, Narrow klass shift: 0, Narrow klass range: 0x100000000

GC Precious Log:
 CardTable entry size: 512
 Card Set container configuration: InlinePtr #cards 5 size 8 Array Of Cards #cards 12 size 40 Howl #buckets 4 coarsen threshold 1843 Howl Bitmap #cards 512 size 80 coarsen threshold 460 Card regions per heap region 1 cards per card region 2048
 CPUs: 4 total, 4 available
 Memory: 8192M
 Large Page Support: Disabled
 NUMA Support: Disabled
 Compressed Oops: Enabled (Zero based)
 Heap Region Size: 1M
 Heap Min Capacity: 8M
 Heap Initial Capacity: 128M
 Heap Max Capacity: 2G
 Pre-touch: Disabled
 Parallel Workers: 4
 Concurrent Workers: 1
 Concurrent Refinement Workers: 4
 Periodic GC: Disabled

Heap:
 garbage-first heap   total 133120K, used 63064K [0x0000000780000000, 0x0000000800000000)
  region size 1024K, 2 young (2048K), 1 survivors (1024K)
 Metaspace       used 1493K, committed 1600K, reserved 1114112K
  class space    used 149K, committed 192K, reserved 1048576K

Heap Regions: E=young(eden), S=young(survivor), O=old, HS=humongous(starts), HC=humongous(continues), CS=collection set, F=free, TAMS=top-at-mark-start, PB=parsable bottom
|   0|0x0000000780000000, 0x0000000780100000, 0x0000000780100000|100%|HS|  |TAMS 0x0000000780000000| PB 0x0000000780000000| Complete 
|   1|0x0000000780100000, 0x0000000780200000, 0x0000000780200000|100%|HC|  |TAMS 0x0000000780100000| PB 0x0000000780100000| Complete 
|   2|0x0000000780200000, 0x0000000780300000, 0x0000000780300000|100%|HC|  |TAMS 0x0000000780200000| PB 0x0000000780200000| Complete 
|   3|0x0000000780300000, 0x0000000780400000, 0x0000000780400000|100%|HC|  |TAMS 0x0000000780300000| PB 0x0000000780300000| Complete 
|   4|0x0000000780400000, 0x0000000780500000, 0x0000000780500000|100%|HC|  |TAMS 0x0000000780400000| PB 0x0000000780400000| Complete 
|   5|0x0000000780500000, 0x0000000780600000, 0x0000000780600000|100%|HC|  |TAMS 0x0000000780500000| PB 0x0000000780500000| Complete 
|   6|0x0000000780600000, 0x0000000780700000, 0x0000000780700000|100%|HC|  |TAMS 0x0000000780600000| PB 0x0000000780600000| Complete 
|   7|0x0000000780700000, 0x0000000780800000, 0x0000000780800000|100%|HC|  |TAMS 0x0000000780700000| PB 0x0000000780700000| Complete 
|   8|0x0000000780800000, 0x0000000780900000, 0x0000000780900000|100%|HC|  |TAMS 0x0000000780800000| PB 0x0000000780800000| Complete 
|   9|0x0000000780900000, 0x0000000780a00000, 0x0000000780a00000|100%|HC|  |TAMS 0x0000000780900000| PB 0x0000000780900000| Complete 
|  10|0x0000000780a00000, 0x0000000780b00000, 0x0000000780b00000|100%|HC|  |TAMS 0x0000000780a00000| PB 0x0000000780a00000| Complete 
|  11|0x0000000780b00000, 0x0000000780c00000, 0x0000000780c00000|100%|HC|  |TAMS 0x0000000780b00000| PB 0x0000000780b00000| Complete 
|  12|0x0000000780c00000, 0x0000000780d00000, 0x0000000780d00000|100%|HC|  |TAMS 0x0000000780c00000| PB 0x0000000780c00000| Complete 
|  13|0x0000000780d00000, 0x0000000780e00000, 0x0000000780e00000|100%|HC|  |TAMS 0x0000000780d00000| PB 0x0000000780d00000| Complete 
|  14|0x0000000780e00000, 0x0000000780f00000, 0x0000000780f00000|100%|HC|  |TAMS 0x0000000780e00000| PB 0x0000000780e00000| Complete 
|  15|0x0000000780f00000, 0x0000000781000000, 0x0000000781000000|100%|HC|  |TAMS 0x0000000780f00000| PB 0x0000000780f00000| Complete 
|  16|0x0000000781000000, 0x0000000781100000, 0x0000000781100000|100%|HC|  |TAMS 0x0000000781000000| PB 0x0000000781000000| Complete 
|  17|0x0000000781100000, 0x0000000781200000, 0x0000000781200000|100%|HC|  |TAMS 0x0000000781100000| PB 0x0000000781100000| Complete 
|  18|0x0000000781200000, 0x0000000781300000, 0x0000000781300000|100%|HC|  |TAMS 0x0000000781200000| PB 0x0000000781200000| Complete 
|  19|0x0000000781300000, 0x0000000781400000, 0x0000000781400000|100%|HC|  |TAMS 0x0000000781300000| PB 0x0000000781300000| Complete 
|  20|0x0000000781400000, 0x0000000781500000, 0x0000000781500000|100%|HC|  |TAMS 0x0000000781400000| PB 0x0000000781400000| Complete 
|  21|0x0000000781500000, 0x0000000781600000, 0x0000000781600000|100%|HC|  |TAMS 0x0000000781500000| PB 0x0000000781500000| Complete 
|  22|0x0000000781600000, 0x0000000781700000, 0x0000000781700000|100%|HC|  |TAMS 0x0000000781600000| PB 0x0000000781600000| Complete 
|  23|0x0000000781700000, 0x0000000781800000, 0x0000000781800000|100%|HC|  |TAMS 0x0000000781700000| PB 0x0000000781700000| Complete 
|  24|0x0000000781800000, 0x0000000781900000, 0x0000000781900000|100%|HC|  |TAMS 0x0000000781800000| PB 0x0000000781800000| Complete 
|  25|0x0000000781900000, 0x0000000781a00000, 0x0000000781a00000|100%|HC|  |TAMS 0x0000000781900000| PB 0x0000000781900000| Complete 
|  26|0x0000000781a00000, 0x0000000781b00000, 0x0000000781b00000|100%|HC|  |TAMS 0x0000000781a00000| PB 0x0000000781a00000| Complete 
|  27|0x0000000781b00000, 0x0000000781c00000, 0x0000000781c00000|100%|HC|  |TAMS 0x0000000781b00000| PB 0x0000000781b00000| Complete 
|  28|0x0000000781c00000, 0x0000000781d00000, 0x0000000781d00000|100%|HC|  |TAMS 0x0000000781c00000| PB 0x0000000781c00000| Complete 
|  29|0x0000000781d00000, 0x0000000781e00000, 0x0000000781e00000|100%|HC|  |TAMS 0x0000000781d00000| PB 0x0000000781d00000| Complete 
|  30|0x0000000781e00000, 0x0000000781f00000, 0x0000000781f00000|100%|HS|  |TAMS 0x0000000781e00000| PB 0x0000000781e00000| Complete 
|  31|0x0000000781f00000, 0x0000000782000000, 0x0000000782000000|100%|HC|  |TAMS 0x0000000781f00000| PB 0x0000000781f00000| Complete 
|  32|0x0000000782000000, 0x0000000782100000, 0x0000000782100000|100%|HC|  |TAMS 0x0000000782000000| PB 0x0000000782000000| Complete 
|  33|0x0000000782100000, 0x0000000782200000, 0x0000000782200000|100%|HC|  |TAMS 0x0000000782100000| PB 0x0000000782100000| Complete 
|  34|0x0000000782200000, 0x0000000782300000, 0x0000000782300000|100%|HC|  |TAMS 0x0000000782200000| PB 0x0000000782200000| Complete 
|  35|0x0000000782300000, 0x0000000782400000, 0x0000000782400000|100%|HC|  |TAMS 0x0000000782300000| PB 0x0000000782300000| Complete 
|  36|0x0000000782400000, 0x0000000782500000, 0x0000000782500000|100%|HC|  |TAMS 0x0000000782400000| PB 0x0000000782400000| Complete 
|  37|0x0000000782500000, 0x0000000782600000, 0x0000000782600000|100%|HC|  |TAMS 0x0000000782500000| PB 0x0000000782500000| Complete 
|  38|0x0000000782600000, 0x0000000782700000, 0x0000000782700000|100%|HC|  |TAMS 0x0000000782600000| PB 0x0000000782600000| Complete 
|  39|0x0000000782700000, 0x0000000782800000, 0x0000000782800000|100%|HC|  |TAMS 0x0000000782700000| PB 0x0000000782700000| Complete 
|  40|0x0000000782800000, 0x0000000782900000, 0x0000000782900000|100%|HC|  |TAMS 0x0000000782800000| PB 0x0000000782800000| Complete 
|  41|0x0000000782900000, 0x0000000782a00000, 0x0000000782a00000|100%|HC|  |TAMS 0x0000000782900000| PB 0x0000000782900000| Complete 
|  42|0x0000000782a00000, 0x0000000782b00000, 0x0000000782b00000|100%|HC|  |TAMS 0x0000000782a00000| PB 0x0000000782a00000| Complete 
|  43|0x0000000782b00000, 0x0000000782c00000, 0x0000000782c00000|100%|HC|  |TAMS 0x0000000782b00000| PB 0x0000000782b00000| Complete 
|  44|0x0000000782c00000, 0x0000000782d00000, 0x0000000782d00000|100%|HC|  |TAMS 0x0000000782c00000| PB 0x0000000782c00000| Complete 
|  45|0x0000000782d00000, 0x0000000782e00000, 0x0000000782e00000|100%|HC|  |TAMS 0x0000000782d00000| PB 0x0000000782d00000| Complete 
|  46|0x0000000782e00000, 0x0000000782f00000, 0x0000000782f00000|100%|HC|  |TAMS 0x0000000782e00000| PB 0x0000000782e00000| Complete 
|  47|0x0000000782f00000, 0x0000000783000000, 0x0000000783000000|100%|HC|  |TAMS 0x0000000782f00000| PB 0x0000000782f00000| Complete 
|  48|0x0000000783000000, 0x0000000783100000, 0x0000000783100000|100%|HC|  |TAMS 0x0000000783000000| PB 0x0000000783000000| Complete 
|  49|0x0000000783100000, 0x0000000783200000, 0x0000000783200000|100%|HC|  |TAMS 0x0000000783100000| PB 0x0000000783100000| Complete 
|  50|0x0000000783200000, 0x0000000783300000, 0x0000000783300000|100%|HC|  |TAMS 0x0000000783200000| PB 0x0000000783200000| Complete 
|  51|0x0000000783300000, 0x0000000783400000, 0x0000000783400000|100%|HC|  |TAMS 0x0000000783300000| PB 0x0000000783300000| Complete 
|  52|0x0000000783400000, 0x0000000783500000, 0x0000000783500000|100%|HC|  |TAMS 0x0000000783400000| PB 0x0000000783400000| Complete 
|  53|0x0000000783500000, 0x0000000783600000, 0x0000000783600000|100%|HC|  |TAMS 0x0000000783500000| PB 0x0000000783500000| Complete 
|  54|0x0000000783600000, 0x0000000783700000, 0x0000000783700000|100%|HC|  |TAMS 0x0000000783600000| PB 0x0000000783600000| Complete 
|  55|0x0000000783700000, 0x0000000783800000, 0x0000000783800000|100%|HC|  |TAMS 0x0000000783700000| PB 0x0000000783700000| Complete 
|  56|0x0000000783800000, 0x0000000783900000, 0x0000000783900000|100%|HC|  |TAMS 0x0000000783800000| PB 0x0000000783800000| Complete 
|  57|0x0000000783900000, 0x0000000783a00000, 0x0000000783a00000|100%|HC|  |TAMS 0x0000000783900000| PB 0x0000000783900000| Complete 
|  58|0x0000000783a00000, 0x0000000783b00000, 0x0000000783b00000|100%|HC|  |TAMS 0x0000000783a00000| PB 0x0000000783a00000| Complete 
|  59|0x0000000783b00000, 0x0000000783c00000, 0x0000000783c00000|100%|HC|  |TAMS 0x0000000783b00000| PB 0x0000000783b00000| Complete 
|  60|0x0000000783c00000, 0x0000000783c00000, 0x0000000783d00000|  0%| F|  |TAMS 0x0000000783c00000| PB 0x0000000783c00000| Untracked 
|  61|0x0000000783d00000, 0x0000000783d00000, 0x0000000783e00000|  0%| F|  |TAMS 0x0000000783d00000| PB 0x0000000783d00000| Untracked 
|  62|0x0000000783e00000, 0x0000000783e00000, 0x0000000783f00000|  0%| F|  |TAMS 0x0000000783e00000| PB 0x0000000783e00000| Untracked 
|  63|0x0000000783f00000, 0x0000000783f00000, 0x0000000784000000|  0%| F|  |TAMS 0x0000000783f00000| PB 0x0000000783f00000| Untracked 
|  64|0x0000000784000000, 0x0000000784000000, 0x0000000784100000|  0%| F|  |TAMS 0x0000000784000000| PB 0x0000000784000000| Untracked 
|  65|0x0000000784100000, 0x0000000784100000, 0x0000000784200000|  0%| F|  |TAMS 0x0000000784100000| PB 0x0000000784100000| Untracked 
|  66|0x0000000784200000, 0x0000000784200000, 0x0000000784300000|  0%| F|  |TAMS 0x0000000784200000| PB 0x0000000784200000| Untracked 
|  67|0x0000000784300000, 0x0000000784300000, 0x0000000784400000|  0%| F|  |TAMS 0x0000000784300000| PB 0x0000000784300000| Untracked 
|  68|0x0000000784400000, 0x0000000784400000, 0x0000000784500000|  0%| F|  |TAMS 0x0000000784400000| PB 0x0000000784400000| Untracked 
|  69|0x0000000784500000, 0x0000000784500000, 0x0000000784600000|  0%| F|  |TAMS 0x0000000784500000| PB 0x0000000784500000| Untracked 
|  70|0x0000000784600000, 0x0000000784600000, 0x0000000784700000|  0%| F|  |TAMS 0x0000000784600000| PB 0x0000000784600000| Untracked 
|  71|0x0000000784700000, 0x0000000784700000, 0x0000000784800000|  0%| F|  |TAMS 0x0000000784700000| PB 0x0000000784700000| Untracked 
|  72|0x0000000784800000, 0x0000000784800000, 0x0000000784900000|  0%| F|  |TAMS 0x0000000784800000| PB 0x0000000784800000| Untracked 
|  73|0x0000000784900000, 0x0000000784900000, 0x0000000784a00000|  0%| F|  |TAMS 0x0000000784900000| PB 0x0000000784900000| Untracked 
|  74|0x0000000784a00000, 0x0000000784a00000, 0x0000000784b00000|  0%| F|  |TAMS 0x0000000784a00000| PB 0x0000000784a00000| Untracked 
|  75|0x0000000784b00000, 0x0000000784b00000, 0x0000000784c00000|  0%| F|  |TAMS 0x0000000784b00000| PB 0x0000000784b00000| Untracked 
|  76|0x0000000784c00000, 0x0000000784c00000, 0x0000000784d00000|  0%| F|  |TAMS 0x0000000784c00000| PB 0x0000000784c00000| Untracked 
|  77|0x0000000784d00000, 0x0000000784d00000, 0x0000000784e00000|  0%| F|  |TAMS 0x0000000784d00000| PB 0x0000000784d00000| Untracked 
|  78|0x0000000784e00000, 0x0000000784e00000, 0x0000000784f00000|  0%| F|  |TAMS 0x0000000784e00000| PB 0x0000000784e00000| Untracked 
|  79|0x0000000784f00000, 0x0000000784f00000, 0x0000000785000000|  0%| F|  |TAMS 0x0000000784f00000| PB 0x0000000784f00000| Untracked 
|  80|0x0000000785000000, 0x0000000785000000, 0x0000000785100000|  0%| F|  |TAMS 0x0000000785000000| PB 0x0000000785000000| Untracked 
|  81|0x0000000785100000, 0x0000000785100000, 0x0000000785200000|  0%| F|  |TAMS 0x0000000785100000| PB 0x0000000785100000| Untracked 
|  82|0x0000000785200000, 0x0000000785200000, 0x0000000785300000|  0%| F|  |TAMS 0x0000000785200000| PB 0x0000000785200000| Untracked 
|  83|0x0000000785300000, 0x0000000785300000, 0x0000000785400000|  0%| F|  |TAMS 0x0000000785300000| PB 0x0000000785300000| Untracked 
|  84|0x0000000785400000, 0x0000000785400000, 0x0000000785500000|  0%| F|  |TAMS 0x0000000785400000| PB 0x0000000785400000| Untracked 
|  85|0x0000000785500000, 0x0000000785500000, 0x0000000785600000|  0%| F|  |TAMS 0x0000000785500000| PB 0x0000000785500000| Untracked 
|  86|0x0000000785600000, 0x0000000785600000, 0x0000000785700000|  0%| F|  |TAMS 0x0000000785600000| PB 0x0000000785600000| Untracked 
|  87|0x0000000785700000, 0x0000000785700000, 0x0000000785800000|  0%| F|  |TAMS 0x0000000785700000| PB 0x0000000785700000| Untracked 
|  88|0x0000000785800000, 0x0000000785800000, 0x0000000785900000|  0%| F|  |TAMS 0x0000000785800000| PB 0x0000000785800000| Untracked 
|  89|0x0000000785900000, 0x0000000785900000, 0x0000000785a00000|  0%| F|  |TAMS 0x0000000785900000| PB 0x0000000785900000| Untracked 
|  90|0x0000000785a00000, 0x0000000785a00000, 0x0000000785b00000|  0%| F|  |TAMS 0x0000000785a00000| PB 0x0000000785a00000| Untracked 
|  91|0x0000000785b00000, 0x0000000785b00000, 0x0000000785c00000|  0%| F|  |TAMS 0x0000000785b00000| PB 0x0000000785b00000| Untracked 
|  92|0x0000000785c00000, 0x0000000785c00000, 0x0000000785d00000|  0%| F|  |TAMS 0x0000000785c00000| PB 0x0000000785c00000| Untracked 
|  93|0x0000000785d00000, 0x0000000785d00000, 0x0000000785e00000|  0%| F|  |TAMS 0x0000000785d00000| PB 0x0000000785d00000| Untracked 
|  94|0x0000000785e00000, 0x0000000785e00000, 0x0000000785f00000|  0%| F|  |TAMS 0x0000000785e00000| PB 0x0000000785e00000| Untracked 
|  95|0x0000000785f00000, 0x0000000785f00000, 0x0000000786000000|  0%| F|  |TAMS 0x0000000785f00000| PB 0x0000000785f00000| Untracked 
|  96|0x0000000786000000, 0x0000000786000000, 0x0000000786100000|  0%| F|  |TAMS 0x0000000786000000| PB 0x0000000786000000| Untracked 
|  97|0x0000000786100000, 0x0000000786100000, 0x0000000786200000|  0%| F|  |TAMS 0x0000000786100000| PB 0x0000000786100000| Untracked 
|  98|0x0000000786200000, 0x0000000786200000, 0x0000000786300000|  0%| F|  |TAMS 0x0000000786200000| PB 0x0000000786200000| Untracked 
|  99|0x0000000786300000, 0x0000000786300000, 0x0000000786400000|  0%| F|  |TAMS 0x0000000786300000| PB 0x0000000786300000| Untracked 
| 100|0x0000000786400000, 0x0000000786400000, 0x0000000786500000|  0%| F|  |TAMS 0x0000000786400000| PB 0x0000000786400000| Untracked 
| 101|0x0000000786500000, 0x0000000786500000, 0x0000000786600000|  0%| F|  |TAMS 0x0000000786500000| PB 0x0000000786500000| Untracked 
| 102|0x0000000786600000, 0x0000000786600000, 0x0000000786700000|  0%| F|  |TAMS 0x0000000786600000| PB 0x0000000786600000| Untracked 
| 103|0x0000000786700000, 0x0000000786700000, 0x0000000786800000|  0%| F|  |TAMS 0x0000000786700000| PB 0x0000000786700000| Untracked 
| 104|0x0000000786800000, 0x0000000786800000, 0x0000000786900000|  0%| F|  |TAMS 0x0000000786800000| PB 0x0000000786800000| Untracked 
| 105|0x0000000786900000, 0x0000000786900000, 0x0000000786a00000|  0%| F|  |TAMS 0x0000000786900000| PB 0x0000000786900000| Untracked 
| 106|0x0000000786a00000, 0x0000000786a00000, 0x0000000786b00000|  0%| F|  |TAMS 0x0000000786a00000| PB 0x0000000786a00000| Untracked 
| 107|0x0000000786b00000, 0x0000000786b00000, 0x0000000786c00000|  0%| F|  |TAMS 0x0000000786b00000| PB 0x0000000786b00000| Untracked 
| 108|0x0000000786c00000, 0x0000000786c00000, 0x0000000786d00000|  0%| F|  |TAMS 0x0000000786c00000| PB 0x0000000786c00000| Untracked 
| 109|0x0000000786d00000, 0x0000000786d00000, 0x0000000786e00000|  0%| F|  |TAMS 0x0000000786d00000| PB 0x0000000786d00000| Untracked 
| 110|0x0000000786e00000, 0x0000000786e00000, 0x0000000786f00000|  0%| F|  |TAMS 0x0000000786e00000| PB 0x0000000786e00000| Untracked 
| 111|0x0000000786f00000, 0x0000000786f00000, 0x0000000787000000|  0%| F|  |TAMS 0x0000000786f00000| PB 0x0000000786f00000| Untracked 
| 112|0x0000000787000000, 0x0000000787000000, 0x0000000787100000|  0%| F|  |TAMS 0x0000000787000000| PB 0x0000000787000000| Untracked 
| 113|0x0000000787100000, 0x0000000787100000, 0x0000000787200000|  0%| F|  |TAMS 0x0000000787100000| PB 0x0000000787100000| Untracked 
| 114|0x0000000787200000, 0x0000000787200000, 0x0000000787300000|  0%| F|  |TAMS 0x0000000787200000| PB 0x0000000787200000| Untracked 
| 115|0x0000000787300000, 0x0000000787300000, 0x0000000787400000|  0%| F|  |TAMS 0x0000000787300000| PB 0x0000000787300000| Untracked 
| 116|0x0000000787400000, 0x0000000787400000, 0x0000000787500000|  0%| F|  |TAMS 0x0000000787400000| PB 0x0000000787400000| Untracked 
| 117|0x0000000787500000, 0x0000000787500000, 0x0000000787600000|  0%| F|  |TAMS 0x0000000787500000| PB 0x0000000787500000| Untracked 
| 118|0x0000000787600000, 0x0000000787600000, 0x0000000787700000|  0%| F|  |TAMS 0x0000000787600000| PB 0x0000000787600000| Untracked 
| 119|0x0000000787700000, 0x0000000787700000, 0x0000000787800000|  0%| F|  |TAMS 0x0000000787700000| PB 0x0000000787700000| Untracked 
| 120|0x0000000787800000, 0x0000000787800000, 0x0000000787900000|  0%| F|  |TAMS 0x0000000787800000| PB 0x0000000787800000| Untracked 
| 121|0x0000000787900000, 0x0000000787900000, 0x0000000787a00000|  0%| F|  |TAMS 0x0000000787900000| PB 0x0000000787900000| Untracked 
| 122|0x0000000787a00000, 0x0000000787a00000, 0x0000000787b00000|  0%| F|  |TAMS 0x0000000787a00000| PB 0x0000000787a00000| Untracked 
| 123|0x0000000787b00000, 0x0000000787b00000, 0x0000000787c00000|  0%| F|  |TAMS 0x0000000787b00000| PB 0x0000000787b00000| Untracked 
| 124|0x0000000787c00000, 0x0000000787c00000, 0x0000000787d00000|  0%| F|  |TAMS 0x0000000787c00000| PB 0x0000000787c00000| Untracked 
| 125|0x0000000787d00000, 0x0000000787d8dea8, 0x0000000787e00000| 55%| S|CS|TAMS 0x0000000787d00000| PB 0x0000000787d00000| Complete 
| 126|0x0000000787e00000, 0x0000000787e00000, 0x0000000787f00000|  0%| F|  |TAMS 0x0000000787e00000| PB 0x0000000787e00000| Untracked 
| 127|0x0000000787f00000, 0x0000000787f80000, 0x0000000788000000| 50%| E|  |TAMS 0x0000000787f00000| PB 0x0000000787f00000| Complete 
|2046|0x00000007ffe00000, 0x00000007fff00000, 0x00000007fff00000|100%| O|  |TAMS 0x00000007ffe00000| PB 0x00000007ffe00000| Untracked 
|2047|0x00000007fff00000, 0x00000007fff08230, 0x0000000800000000|  3%| O|  |TAMS 0x00000007fff00000| PB 0x00000007fff00000| Untracked 

Card table byte_map: [0x0000000110959000,0x0000000110d59000] _byte_map_base: 0x000000010cd59000

Marking Bits: (CMBitMap*) 0x00007f9464828410
 Bits: [0x0000000110d59000, 0x0000000112d59000)

Polling page: 0x00000001060d8000

Metaspace:

Usage:
  Non-class:      1.31 MB used.
      Class:    149.76 KB used.
       Both:      1.46 MB used.

Virtual space:
  Non-class space:       64.00 MB reserved,       1.38 MB (  2%) committed,  1 nodes.
      Class space:        1.00 GB reserved,     192.00 KB ( <1%) committed,  1 nodes.
             Both:        1.06 GB reserved,       1.56 MB ( <1%) committed. 

Chunk freelists:
   Non-Class:  11.70 MB
       Class:  15.69 MB
        Both:  27.39 MB

MaxMetaspaceSize: unlimited
CompressedClassSpaceSize: 1.00 GB
Initial GC threshold: 21.00 MB
Current GC threshold: 21.00 MB
CDS: on
 - commit_granule_bytes: 65536.
 - commit_granule_words: 8192.
 - virtual_space_node_default_size: 8388608.
 - enlarge_chunks_in_place: 1.
 - use_allocation_guard: 0.


Internal statistics:

num_allocs_failed_limit: 0.
num_arena_births: 26.
num_arena_deaths: 0.
num_vsnodes_births: 2.
num_vsnodes_deaths: 0.
num_space_committed: 25.
num_space_uncommitted: 0.
num_chunks_returned_to_freelist: 0.
num_chunks_taken_from_freelist: 50.
num_chunk_merges: 0.
num_chunk_splits: 29.
num_chunks_enlarged: 20.
num_inconsistent_stats: 0.

CodeHeap 'non-profiled nmethods': size=120032Kb used=136Kb max_used=136Kb free=119896Kb
 bounds [0x000000011be0a000, 0x000000011c07a000, 0x0000000123342000]
CodeHeap 'profiled nmethods': size=120028Kb used=410Kb max_used=410Kb free=119617Kb
 bounds [0x0000000114342000, 0x00000001145b2000, 0x000000011b879000]
CodeHeap 'non-nmethods': size=5700Kb used=1297Kb max_used=1312Kb free=4402Kb
 bounds [0x000000011b879000, 0x000000011bae9000, 0x000000011be0a000]
CodeCache: size=245760Kb, used=1843Kb, max_used=1858Kb, free=243915Kb
 total_blobs=793, nmethods=368, adapters=331, full_count=0
Compilation: enabled, stopped_count=0, restarted_count=0

Compilation events (20 events):
Event: 1.035 Thread 0x00007f9464847c00  358       3       java.lang.Enum::<init> (15 bytes)
Event: 1.035 Thread 0x00007f9464847c00 nmethod 358 0x00000001143a3810 code [0x00000001143a39a0, 0x00000001143a3b68]
Event: 1.035 Thread 0x00007f9464847c00  359  s!   3       jdk.internal.loader.URLClassPath::getLoader (194 bytes)
Event: 1.037 Thread 0x00007f9464847c00 nmethod 359 0x00000001143a3c10 code [0x00000001143a3f20, 0x00000001143a5238]
Event: 1.038 Thread 0x00007f946283ba00  361       4       java.lang.StringLatin1::indexOfChar (33 bytes)
Event: 1.039 Thread 0x00007f9464847c00  362       3       java.io.UnixFileSystem::normalize (41 bytes)
Event: 1.041 Thread 0x00007f9464847c00 nmethod 362 0x00000001143a5a10 code [0x00000001143a5c40, 0x00000001143a6250]
Event: 1.041 Thread 0x00007f9464847c00  363       3       java.io.UnixFileSystem::prefixLength (15 bytes)
Event: 1.042 Thread 0x00007f9464847c00 nmethod 363 0x00000001143a6510 code [0x00000001143a66c0, 0x00000001143a68e8]
Event: 1.042 Thread 0x00007f9464847c00  365       3       java.lang.StringConcatHelper::newString (67 bytes)
Event: 1.043 Thread 0x00007f9464847c00 nmethod 365 0x00000001143a6a10 code [0x00000001143a6c80, 0x00000001143a7628]
Event: 1.043 Thread 0x00007f9464847c00  366       1       java.security.CodeSource::getLocation (5 bytes)
Event: 1.043 Thread 0x00007f9464847c00 nmethod 366 0x000000011be2b010 code [0x000000011be2b1a0, 0x000000011be2b268]
Event: 1.043 Thread 0x00007f9464847c00  367       3       java.net.URL::isBuiltinStreamHandler (32 bytes)
Event: 1.044 Thread 0x00007f946283ba00 nmethod 361 0x000000011be2b310 code [0x000000011be2b480, 0x000000011be2b600]
Event: 1.044 Thread 0x00007f946283ba00  364 %     4       java.lang.StringLatin1::indexOf @ 14 (121 bytes)
Event: 1.045 Thread 0x00007f9464847c00 nmethod 367 0x00000001143a7990 code [0x00000001143a7bc0, 0x00000001143a83f0]
Event: 1.045 Thread 0x00007f9464847c00  368       3       java.net.URL::isBuiltinStreamHandler (8 bytes)
Event: 1.045 Thread 0x00007f9464847c00 nmethod 368 0x00000001143a8710 code [0x00000001143a88c0, 0x00000001143a8a80]
Event: 1.056 Thread 0x00007f946283ba00 nmethod 364% 0x000000011be2b710 code [0x000000011be2b8c0, 0x000000011be2bdf8]

GC Heap History (6 events):
Event: 0.936 GC heap before
{Heap before GC invocations=0 (full 0):
 garbage-first heap   total 133120K, used 42016K [0x0000000780000000, 0x0000000800000000)
  region size 1024K, 4 young (4096K), 0 survivors (0K)
 Metaspace       used 1386K, committed 1536K, reserved 1114112K
  class space    used 137K, committed 192K, reserved 1048576K
}
Event: 0.938 GC heap after
{Heap after GC invocations=1 (full 0):
 garbage-first heap   total 133120K, used 19051K [0x0000000780000000, 0x0000000800000000)
  region size 1024K, 1 young (1024K), 1 survivors (1024K)
 Metaspace       used 1386K, committed 1536K, reserved 1114112K
  class space    used 137K, committed 192K, reserved 1048576K
}
Event: 0.982 GC heap before
{Heap before GC invocations=1 (full 0):
 garbage-first heap   total 133120K, used 52843K [0x0000000780000000, 0x0000000800000000)
  region size 1024K, 1 young (1024K), 1 survivors (1024K)
 Metaspace       used 1386K, committed 1536K, reserved 1114112K
  class space    used 137K, committed 192K, reserved 1048576K
}
Event: 0.983 GC heap after
{Heap after GC invocations=2 (full 0):
 garbage-first heap   total 133120K, used 35426K [0x0000000780000000, 0x0000000800000000)
  region size 1024K, 1 young (1024K), 1 survivors (1024K)
 Metaspace       used 1386K, committed 1536K, reserved 1114112K
  class space    used 137K, committed 192K, reserved 1048576K
}
Event: 0.996 GC heap before
{Heap before GC invocations=2 (full 0):
 garbage-first heap   total 133120K, used 66146K [0x0000000780000000, 0x0000000800000000)
  region size 1024K, 2 young (2048K), 1 survivors (1024K)
 Metaspace       used 1393K, committed 1536K, reserved 1114112K
  class space    used 137K, committed 192K, reserved 1048576K
}
Event: 0.998 GC heap after
{Heap after GC invocations=3 (full 0):
 garbage-first heap   total 133120K, used 32344K [0x0000000780000000, 0x0000000800000000)
  region size 1024K, 1 young (1024K), 1 survivors (1024K)
 Metaspace       used 1393K, committed 1536K, reserved 1114112K
  class space    used 137K, committed 192K, reserved 1048576K
}

Dll operation events (10 events):
Event: 0.012 Loaded shared library /Users/mac/Library/Java/JavaVirtualMachines/ms-21.0.9/Contents/Home/lib/libjava.dylib
Event: 0.168 Loaded shared library /Users/mac/Library/Java/JavaVirtualMachines/ms-21.0.9/Contents/Home/lib/libzip.dylib
Event: 0.177 Loaded shared library /Users/mac/Library/Java/JavaVirtualMachines/ms-21.0.9/Contents/Home/lib/libinstrument.dylib
Event: 0.187 Loaded shared library /Users/mac/Library/Java/JavaVirtualMachines/ms-21.0.9/Contents/Home/lib/libnio.dylib
Event: 0.194 Loaded shared library /Users/mac/Library/Java/JavaVirtualMachines/ms-21.0.9/Contents/Home/lib/libzip.dylib
Event: 0.226 Loaded shared library /Users/mac/Library/Java/JavaVirtualMachines/ms-21.0.9/Contents/Home/lib/libnet.dylib
Event: 0.239 Loaded shared library /Users/mac/Library/Java/JavaVirtualMachines/ms-21.0.9/Contents/Home/lib/libextnet.dylib
Event: 0.251 Loaded shared library /Users/mac/Library/Java/JavaVirtualMachines/ms-21.0.9/Contents/Home/lib/libjimage.dylib
Event: 0.286 Loaded shared library /Users/mac/Library/Java/JavaVirtualMachines/ms-21.0.9/Contents/Home/lib/libprefs.dylib
Event: 0.877 Loaded shared library /Users/mac/IdeaProjects/AudioSND/implementation/libaudio-snd.dylib

Deoptimization events (8 events):
Event: 0.207 Thread 0x00007f9464808800 Uncommon trap: trap_request=0xfffffff4 fr.pc=0x000000011be15cc4 relative=0x00000000000001a4
Event: 0.207 Thread 0x00007f9464808800 Uncommon trap: reason=null_check action=make_not_entrant pc=0x000000011be15cc4 method=java.lang.String.equals(Ljava/lang/Object;)Z @ 8 c2
Event: 0.207 Thread 0x00007f9464808800 DEOPT PACKING pc=0x000000011be15cc4 sp=0x0000700002f2b260
Event: 0.207 Thread 0x00007f9464808800 DEOPT UNPACKING pc=0x000000011b8ccf99 sp=0x0000700002f2b218 mode 2
Event: 0.882 Thread 0x00007f9464808800 DEOPT PACKING pc=0x000000011436d548 sp=0x0000700002f27820
Event: 0.882 Thread 0x00007f9464808800 DEOPT UNPACKING pc=0x000000011b8cd72f sp=0x0000700002f26c60 mode 0
Event: 1.038 Thread 0x00007f9464808800 DEOPT PACKING pc=0x0000000114368d49 sp=0x0000700002f2aba0
Event: 1.038 Thread 0x00007f9464808800 DEOPT UNPACKING pc=0x000000011b8cd72f sp=0x0000700002f2a028 mode 0

Classes loaded (20 events):
Event: 0.292 Loading class java/util/Timer
Event: 0.293 Loading class java/util/Timer done
Event: 0.293 Loading class java/util/TaskQueue
Event: 0.293 Loading class java/util/TaskQueue done
Event: 0.293 Loading class java/util/TimerThread
Event: 0.293 Loading class java/util/TimerThread done
Event: 0.293 Loading class java/lang/Thread$ThreadNumbering
Event: 0.293 Loading class java/lang/Thread$ThreadNumbering done
Event: 0.293 Loading class java/util/Timer$ThreadReaper
Event: 0.293 Loading class java/util/Timer$ThreadReaper done
Event: 0.294 Loading class java/util/prefs/MacOSXPreferencesFile$3
Event: 0.294 Loading class java/util/prefs/MacOSXPreferencesFile$3 done
Event: 0.296 Loading class java/util/StringTokenizer
Event: 0.296 Loading class java/util/StringTokenizer done
Event: 0.298 Loading class java/util/prefs/AbstractPreferences$1
Event: 0.298 Loading class java/util/prefs/AbstractPreferences$1 done
Event: 1.038 Loading class java/awt/Image
Event: 1.038 Loading class java/awt/Image done
Event: 1.042 Loading class java/util/NoSuchElementException
Event: 1.042 Loading class java/util/NoSuchElementException done

Classes unloaded (0 events):
No events

Classes redefined (0 events):
No events

Internal exceptions (5 events):
Event: 0.207 Thread 0x00007f9464808800 Implicit null exception at 0x000000011be15b63 to 0x000000011be15cb4
Event: 0.207 Thread 0x00007f9464808800 Exception <a 'java/lang/NoSuchMethodError'{0x0000000787ec0200}: 'void java.lang.invoke.DirectMethodHandle$Holder.invokeStatic(java.lang.Object, java.lang.Object, java.lang.Object)'> (0x0000000787ec0200) 
thrown [src/hotspot/share/interpreter/linkResolver.cpp, line 773]
Event: 0.217 Thread 0x00007f9464808800 Exception <a 'java/lang/NoSuchMethodError'{0x0000000787d10258}: 'java.lang.Object java.lang.invoke.Invokers$Holder.invokeExact_MT(java.lang.Object, java.lang.Object, java.lang.Object, java.lang.Object, java.lang.Object)'> (0x0000000787d10258) 
thrown [src/hotspot/share/interpreter/linkResolver.cpp, line 773]
Event: 0.245 Thread 0x00007f9462896a00 Exception <a 'java/lang/NoSuchMethodError'{0x0000000787d4a6e8}: 'void java.lang.invoke.DirectMethodHandle$Holder.invokeStatic(java.lang.Object, java.lang.Object)'> (0x0000000787d4a6e8) 
thrown [src/hotspot/share/interpreter/linkResolver.cpp, line 773]
Event: 1.075 Thread 0x00007f9464808800 Exception <a 'java/lang/NoSuchMethodError'{0x0000000787f24f80}: <init>> (0x0000000787f24f80) 
thrown [src/hotspot/share/prims/jni.cpp, line 1077]

ZGC Phase Switch (0 events):
No events

VM Operations (8 events):
Event: 0.137 Executing VM operation: HandshakeAllThreads (Deoptimize)
Event: 0.137 Executing VM operation: HandshakeAllThreads (Deoptimize) done
Event: 0.935 Executing VM operation: G1TryInitiateConcMark (G1 Humongous Allocation)
Event: 0.938 Executing VM operation: G1TryInitiateConcMark (G1 Humongous Allocation) done
Event: 0.982 Executing VM operation: G1TryInitiateConcMark (G1 Humongous Allocation)
Event: 0.983 Executing VM operation: G1TryInitiateConcMark (G1 Humongous Allocation) done
Event: 0.996 Executing VM operation: G1TryInitiateConcMark (G1 Humongous Allocation)
Event: 0.998 Executing VM operation: G1TryInitiateConcMark (G1 Humongous Allocation) done

Memory protections (12 events):
Event: 0.011 Protecting memory [0x0000700002e2c000,0x0000700002e30000] with protection modes 0
Event: 0.064 Protecting memory [0x000070000374a000,0x000070000374e000] with protection modes 0
Event: 0.065 Protecting memory [0x000070000384d000,0x0000700003851000] with protection modes 0
Event: 0.065 Protecting memory [0x0000700003950000,0x0000700003954000] with protection modes 0
Event: 0.066 Protecting memory [0x0000700003a53000,0x0000700003a57000] with protection modes 0
Event: 0.066 Protecting memory [0x0000700003b56000,0x0000700003b5a000] with protection modes 0
Event: 0.066 Protecting memory [0x0000700003c59000,0x0000700003c5d000] with protection modes 0
Event: 0.074 Protecting memory [0x0000700003d5c000,0x0000700003d60000] with protection modes 0
Event: 0.183 Protecting memory [0x0000700003e5f000,0x0000700003e63000] with protection modes 0
Event: 0.222 Protecting memory [0x0000700003f62000,0x0000700003f66000] with protection modes 0
Event: 0.225 Protecting memory [0x0000700004065000,0x0000700004069000] with protection modes 0
Event: 0.294 Protecting memory [0x0000700004168000,0x000070000416c000] with protection modes 0

Nmethod flushes (0 events):
No events

Events (12 events):
Event: 0.033 Thread 0x00007f9464808800 Thread added: 0x00007f9464808800
Event: 0.064 Thread 0x00007f9464808800 Thread added: 0x00007f946484aa00
Event: 0.065 Thread 0x00007f9464808800 Thread added: 0x00007f946381b000
Event: 0.065 Thread 0x00007f9464808800 Thread added: 0x00007f9462839000
Event: 0.066 Thread 0x00007f9464808800 Thread added: 0x00007f946381c200
Event: 0.066 Thread 0x00007f9464808800 Thread added: 0x00007f946381ca00
Event: 0.066 Thread 0x00007f9464808800 Thread added: 0x00007f946283ba00
Event: 0.074 Thread 0x00007f9464808800 Thread added: 0x00007f9464847c00
Event: 0.183 Thread 0x00007f9464808800 Thread added: 0x00007f946381d200
Event: 0.222 Thread 0x00007f9464808800 Thread added: 0x00007f9462896a00
Event: 0.224 Thread 0x00007f9464808800 Thread added: 0x00007f9463009c00
Event: 0.294 Thread 0x00007f9464808800 Thread added: 0x00007f9462839800


Dynamic libraries:
0x00007fff72a79000 	/usr/lib/libz.1.dylib
0x000000010609c000 	/Users/mac/Library/Java/JavaVirtualMachines/ms-21.0.9/Contents/Home/lib/libjli.dylib
0x00007fff38a81000 	/System/Library/Frameworks/Cocoa.framework/Versions/A/Cocoa
0x00007fff460e8000 	/System/Library/Frameworks/Security.framework/Versions/A/Security
0x00007fff379e7000 	/System/Library/Frameworks/ApplicationServices.framework/Versions/A/ApplicationServices
0x00007fff704ad000 	/usr/lib/libSystem.B.dylib
0x00007fff7333a000 	/usr/lib/system/libcache.dylib
0x00007fff73340000 	/usr/lib/system/libcommonCrypto.dylib
0x00007fff7334c000 	/usr/lib/system/libcompiler_rt.dylib
0x00007fff73354000 	/usr/lib/system/libcopyfile.dylib
0x00007fff7335e000 	/usr/lib/system/libcorecrypto.dylib
0x00007fff734fd000 	/usr/lib/system/libdispatch.dylib
0x00007fff7353e000 	/usr/lib/system/libdyld.dylib
0x00007fff73575000 	/usr/lib/system/libkeymgr.dylib
0x00007fff73583000 	/usr/lib/system/liblaunch.dylib
0x00007fff73584000 	/usr/lib/system/libmacho.dylib
0x00007fff7358a000 	/usr/lib/system/libquarantine.dylib
0x00007fff7358d000 	/usr/lib/system/libremovefile.dylib
0x00007fff7358f000 	/usr/lib/system/libsystem_asl.dylib
0x00007fff735a7000 	/usr/lib/system/libsystem_blocks.dylib
0x00007fff735a8000 	/usr/lib/system/libsystem_c.dylib
0x00007fff73630000 	/usr/lib/system/libsystem_configuration.dylib
0x00007fff73634000 	/usr/lib/system/libsystem_coreservices.dylib
0x00007fff73638000 	/usr/lib/system/libsystem_darwin.dylib
0x00007fff73641000 	/usr/lib/system/libsystem_dnssd.dylib
0x00007fff73649000 	/usr/lib/system/libsystem_featureflags.dylib
0x00007fff7364b000 	/usr/lib/system/libsystem_info.dylib
0x00007fff736c6000 	/usr/lib/system/libsystem_m.dylib
0x00007fff73712000 	/usr/lib/system/libsystem_malloc.dylib
0x00007fff7373a000 	/usr/lib/system/libsystem_networkextension.dylib
0x00007fff73748000 	/usr/lib/system/libsystem_notify.dylib
0x00007fff73766000 	/usr/lib/system/libsystem_sandbox.dylib
0x00007fff7376b000 	/usr/lib/system/libsystem_secinit.dylib
0x00007fff73699000 	/usr/lib/system/libsystem_kernel.dylib
0x00007fff73752000 	/usr/lib/system/libsystem_platform.dylib
0x00007fff7375b000 	/usr/lib/system/libsystem_pthread.dylib
0x00007fff7376e000 	/usr/lib/system/libsystem_symptoms.dylib
0x00007fff73776000 	/usr/lib/system/libsystem_trace.dylib
0x00007fff7378e000 	/usr/lib/system/libunwind.dylib
0x00007fff73794000 	/usr/lib/system/libxpc.dylib
0x00007fff723a6000 	/usr/lib/libobjc.A.dylib
0x00007fff7087c000 	/usr/lib/libc++abi.dylib
0x00007fff70829000 	/usr/lib/libc++.1.dylib
0x00007fff39934000 	/System/Library/Frameworks/CoreFoundation.framework/Versions/A/CoreFoundation
0x00007fff3c019000 	/System/Library/Frameworks/Foundation.framework/Versions/C/Foundation
0x00007fff36bd9000 	/System/Library/Frameworks/AppKit.framework/Versions/C/AppKit
0x00007fff39405000 	/System/Library/Frameworks/CoreData.framework/Versions/A/CoreData
0x00007fff6a708000 	/System/Library/PrivateFrameworks/UIFoundation.framework/Versions/A/UIFoundation
0x00007fff6579c000 	/System/Library/PrivateFrameworks/RemoteViewServices.framework/Versions/A/RemoteViewServices
0x00007fff6d01d000 	/System/Library/PrivateFrameworks/XCTTargetBootstrap.framework/Versions/A/XCTTargetBootstrap
0x00007fff39801000 	/System/Library/Frameworks/CoreDisplay.framework/Versions/A/CoreDisplay
0x00007fff3eed8000 	/System/Library/Frameworks/Metal.framework/Versions/A/Metal
0x00007fff53799000 	/System/Library/PrivateFrameworks/DesktopServicesPriv.framework/Versions/A/DesktopServicesPriv
0x00007fff71681000 	/usr/lib/liblangid.dylib
0x00007fff52a2e000 	/System/Library/PrivateFrameworks/CoreSVG.framework/Versions/A/CoreSVG
0x00007fff688f8000 	/System/Library/PrivateFrameworks/SkyLight.framework/Versions/A/SkyLight
0x00007fff39db6000 	/System/Library/Frameworks/CoreGraphics.framework/Versions/A/CoreGraphics
0x00007fff35548000 	/System/Library/Frameworks/Accelerate.framework/Versions/A/Accelerate
0x00007fff7296a000 	/usr/lib/libxml2.2.dylib
0x00007fff5e725000 	/System/Library/PrivateFrameworks/IconServices.framework/Versions/A/IconServices
0x00007fff3c7f8000 	/System/Library/Frameworks/IOSurface.framework/Versions/A/IOSurface
0x00007fff6ffd7000 	/usr/lib/libDiagnosticMessagesClient.dylib
0x00007fff535f3000 	/System/Library/PrivateFrameworks/DFRFoundation.framework/Versions/A/DFRFoundation
0x00007fff71410000 	/usr/lib/libicucore.A.dylib
0x00007fff37d19000 	/System/Library/Frameworks/AudioToolbox.framework/Versions/A/AudioToolbox
0x00007fff37dfc000 	/System/Library/Frameworks/AudioUnit.framework/Versions/A/AudioUnit
0x00007fff70745000 	/usr/lib/libauto.dylib
0x00007fff53695000 	/System/Library/PrivateFrameworks/DataDetectorsCore.framework/Versions/A/DataDetectorsCore
0x00007fff385a2000 	/System/Library/Frameworks/Carbon.framework/Versions/A/Frameworks/HIToolbox.framework/Versions/A/HIToolbox
0x00007fff452e1000 	/System/Library/Frameworks/QuartzCore.framework/Versions/A/QuartzCore
0x00007fff388e1000 	/System/Library/Frameworks/Carbon.framework/Versions/A/Frameworks/SpeechRecognition.framework/Versions/A/SpeechRecognition
0x00007fff53107000 	/System/Library/PrivateFrameworks/CoreUI.framework/Versions/A/CoreUI
0x00007fff38e70000 	/System/Library/Frameworks/CoreAudio.framework/Versions/A/CoreAudio
0x00007fff3bcd7000 	/System/Library/Frameworks/DiskArbitration.framework/Versions/A/DiskArbitration
0x00007fff60775000 	/System/Library/PrivateFrameworks/MultitouchSupport.framework/Versions/A/MultitouchSupport
0x00007fff712d5000 	/usr/lib/libenergytrace.dylib
0x00007fff3c752000 	/System/Library/Frameworks/IOKit.framework/Versions/A/IOKit
0x00007fff3ad41000 	/System/Library/Frameworks/CoreServices.framework/Versions/A/CoreServices
0x00007fff6292f000 	/System/Library/PrivateFrameworks/PerformanceAnalysis.framework/Versions/A/PerformanceAnalysis
0x00007fff44314000 	/System/Library/Frameworks/OpenGL.framework/Versions/A/OpenGL
0x00007fff38a8f000 	/System/Library/Frameworks/ColorSync.framework/Versions/A/ColorSync
0x00007fff3a45c000 	/System/Library/Frameworks/CoreImage.framework/Versions/A/CoreImage
0x00007fff3b7b5000 	/System/Library/Frameworks/CoreText.framework/Versions/A/CoreText
0x00007fff3c888000 	/System/Library/Frameworks/ImageIO.framework/Versions/A/ImageIO
0x00007fff708a5000 	/usr/lib/libcompression.dylib
0x00007fff7031b000 	/usr/lib/libMobileGestalt.dylib
0x00007fff6a472000 	/System/Library/PrivateFrameworks/TextureIO.framework/Versions/A/TextureIO
0x00007fff70612000 	/usr/lib/libate.dylib
0x00007fff5e92e000 	/System/Library/PrivateFrameworks/InternationalSupport.framework/Versions/A/InternationalSupport
0x00007fff71683000 	/usr/lib/liblzma.5.dylib
0x00007fff712fe000 	/usr/lib/libfakelink.dylib
0x00007fff7059f000 	/usr/lib/libarchive.2.dylib
0x00007fff4719b000 	/System/Library/Frameworks/SystemConfiguration.framework/Versions/A/SystemConfiguration
0x00007fff6ff0a000 	/usr/lib/libCRFSuite.dylib
0x00007fff38193000 	/System/Library/Frameworks/CFNetwork.framework/Versions/A/CFNetwork
0x00007fff7080b000 	/usr/lib/libbsm.0.dylib
0x00007fff73576000 	/usr/lib/system/libkxld.dylib
0x00007fff4cf55000 	/System/Library/PrivateFrameworks/AppleFSCompression.framework/Versions/A/AppleFSCompression
0x00007fff70b97000 	/usr/lib/libcoretls.dylib
0x00007fff70bae000 	/usr/lib/libcoretls_cfhelpers.dylib
0x00007fff723eb000 	/usr/lib/libpam.2.dylib
0x00007fff72520000 	/usr/lib/libsqlite3.dylib
0x00007fff72957000 	/usr/lib/libxar.1.dylib
0x00007fff7081c000 	/usr/lib/libbz2.1.0.dylib
0x00007fff7131f000 	/usr/lib/libiconv.2.dylib
0x00007fff70892000 	/usr/lib/libcharset.1.dylib
0x00007fff71e89000 	/usr/lib/libnetwork.dylib
0x00007fff723f2000 	/usr/lib/libpcap.A.dylib
0x00007fff70554000 	/usr/lib/libapple_nghttp2.dylib
0x00007fff3b0f8000 	/System/Library/Frameworks/CoreServices.framework/Versions/A/Frameworks/FSEvents.framework/Versions/A/FSEvents
0x00007fff3adc8000 	/System/Library/Frameworks/CoreServices.framework/Versions/A/Frameworks/CarbonCore.framework/Versions/A/CarbonCore
0x00007fff3b33d000 	/System/Library/Frameworks/CoreServices.framework/Versions/A/Frameworks/Metadata.framework/Versions/A/Metadata
0x00007fff3b3d6000 	/System/Library/Frameworks/CoreServices.framework/Versions/A/Frameworks/OSServices.framework/Versions/A/OSServices
0x00007fff3b404000 	/System/Library/Frameworks/CoreServices.framework/Versions/A/Frameworks/SearchKit.framework/Versions/A/SearchKit
0x00007fff3ad42000 	/System/Library/Frameworks/CoreServices.framework/Versions/A/Frameworks/AE.framework/Versions/A/AE
0x00007fff3b101000 	/System/Library/Frameworks/CoreServices.framework/Versions/A/Frameworks/LaunchServices.framework/Versions/A/LaunchServices
0x00007fff3b0aa000 	/System/Library/Frameworks/CoreServices.framework/Versions/A/Frameworks/DictionaryServices.framework/Versions/A/DictionaryServices
0x00007fff3b46c000 	/System/Library/Frameworks/CoreServices.framework/Versions/A/Frameworks/SharedFileList.framework/Versions/A/SharedFileList
0x00007fff40133000 	/System/Library/Frameworks/NetFS.framework/Versions/A/NetFS
0x00007fff60ca5000 	/System/Library/PrivateFrameworks/NetAuth.framework/Versions/A/NetAuth
0x00007fff6d3ea000 	/System/Library/PrivateFrameworks/login.framework/Versions/A/Frameworks/loginsupport.framework/Versions/A/loginsupport
0x00007fff69f3d000 	/System/Library/PrivateFrameworks/TCC.framework/Versions/A/TCC
0x00007fff51b8b000 	/System/Library/PrivateFrameworks/CoreNLP.framework/Versions/A/CoreNLP
0x00007fff601a2000 	/System/Library/PrivateFrameworks/MetadataUtilities.framework/Versions/A/MetadataUtilities
0x00007fff7175b000 	/usr/lib/libmecabra.dylib
0x00007fff716b3000 	/usr/lib/libmecab.dylib
0x00007fff7130f000 	/usr/lib/libgermantok.dylib
0x00007fff7053b000 	/usr/lib/libThaiTokenizer.dylib
0x00007fff6ff41000 	/usr/lib/libChineseTokenizer.dylib
0x00007fff35561000 	/System/Library/Frameworks/Accelerate.framework/Versions/A/Frameworks/vImage.framework/Versions/A/vImage
0x00007fff36a2f000 	/System/Library/Frameworks/Accelerate.framework/Versions/A/Frameworks/vecLib.framework/Versions/A/vecLib
0x00007fff368b0000 	/System/Library/Frameworks/Accelerate.framework/Versions/A/Frameworks/vecLib.framework/Versions/A/libvMisc.dylib
0x00007fff3671d000 	/System/Library/Frameworks/Accelerate.framework/Versions/A/Frameworks/vecLib.framework/Versions/A/libvDSP.dylib
0x00007fff35dfd000 	/System/Library/Frameworks/Accelerate.framework/Versions/A/Frameworks/vecLib.framework/Versions/A/libBLAS.dylib
0x00007fff362d5000 	/System/Library/Frameworks/Accelerate.framework/Versions/A/Frameworks/vecLib.framework/Versions/A/libLAPACK.dylib
0x00007fff3667d000 	/System/Library/Frameworks/Accelerate.framework/Versions/A/Frameworks/vecLib.framework/Versions/A/libLinearAlgebra.dylib
0x00007fff3670a000 	/System/Library/Frameworks/Accelerate.framework/Versions/A/Frameworks/vecLib.framework/Versions/A/libSparseBLAS.dylib
0x00007fff36693000 	/System/Library/Frameworks/Accelerate.framework/Versions/A/Frameworks/vecLib.framework/Versions/A/libQuadrature.dylib
0x00007fff35f93000 	/System/Library/Frameworks/Accelerate.framework/Versions/A/Frameworks/vecLib.framework/Versions/A/libBNNS.dylib
0x00007fff36699000 	/System/Library/Frameworks/Accelerate.framework/Versions/A/Frameworks/vecLib.framework/Versions/A/libSparse.dylib
0x00007fff5ed16000 	/System/Library/PrivateFrameworks/LanguageModeling.framework/Versions/A/LanguageModeling
0x00007fff5153a000 	/System/Library/PrivateFrameworks/CoreEmoji.framework/Versions/A/CoreEmoji
0x00007fff5ee34000 	/System/Library/PrivateFrameworks/LinguisticData.framework/Versions/A/LinguisticData
0x00007fff5ede5000 	/System/Library/PrivateFrameworks/Lexicon.framework/Versions/A/Lexicon
0x00007fff70893000 	/usr/lib/libcmph.dylib
0x00007fff42d22000 	/System/Library/Frameworks/OpenDirectory.framework/Versions/A/Frameworks/CFOpenDirectory.framework/Versions/A/CFOpenDirectory
0x00007fff42d3f000 	/System/Library/Frameworks/OpenDirectory.framework/Versions/A/OpenDirectory
0x00007fff4b185000 	/System/Library/PrivateFrameworks/APFS.framework/Versions/A/APFS
0x00007fff46434000 	/System/Library/Frameworks/SecurityFoundation.framework/Versions/A/SecurityFoundation
0x00007fff72953000 	/usr/lib/libutil.dylib
0x00007fff52a86000 	/System/Library/PrivateFrameworks/CoreServicesStore.framework/Versions/A/CoreServicesStore
0x00007fff464eb000 	/System/Library/Frameworks/ServiceManagement.framework/Versions/A/ServiceManagement
0x00007fff4e727000 	/System/Library/PrivateFrameworks/BackgroundTaskManagement.framework/Versions/A/BackgroundTaskManagement
0x00007fff72a50000 	/usr/lib/libxslt.1.dylib
0x00007fff4d5c9000 	/System/Library/PrivateFrameworks/AppleSystemInfo.framework/Versions/A/AppleSystemInfo
0x00007fff3caa7000 	/System/Library/Frameworks/ImageIO.framework/Versions/A/Resources/libJPEG.dylib
0x00007fff3cd66000 	/System/Library/Frameworks/ImageIO.framework/Versions/A/Resources/libTIFF.dylib
0x00007fff3cd49000 	/System/Library/Frameworks/ImageIO.framework/Versions/A/Resources/libPng.dylib
0x00007fff3c9e9000 	/System/Library/Frameworks/ImageIO.framework/Versions/A/Resources/libGIF.dylib
0x00007fff3c9ed000 	/System/Library/Frameworks/ImageIO.framework/Versions/A/Resources/libJP2.dylib
0x00007fff3cd64000 	/System/Library/Frameworks/ImageIO.framework/Versions/A/Resources/libRadiance.dylib
0x00007fff712d6000 	/usr/lib/libexpat.1.dylib
0x00007fff4d0b0000 	/System/Library/PrivateFrameworks/AppleJPEG.framework/Versions/A/AppleJPEG
0x00007fff55d85000 	/System/Library/PrivateFrameworks/FontServices.framework/libFontParser.dylib
0x00007fff6c3ec000 	/System/Library/PrivateFrameworks/WatchdogClient.framework/Versions/A/WatchdogClient
0x00007fff5e371000 	/System/Library/PrivateFrameworks/IOAccelerator.framework/Versions/A/IOAccelerator
0x00007fff3f273000 	/System/Library/Frameworks/MetalPerformanceShaders.framework/Versions/A/MetalPerformanceShaders
0x00007fff5ab01000 	/System/Library/PrivateFrameworks/GPUWrangler.framework/Versions/A/GPUWrangler
0x00007fff5e386000 	/System/Library/PrivateFrameworks/IOPresentment.framework/Versions/A/IOPresentment
0x00007fff53606000 	/System/Library/PrivateFrameworks/DSExternalDisplay.framework/Versions/A/DSExternalDisplay
0x00007fff436b3000 	/System/Library/Frameworks/OpenGL.framework/Versions/A/Libraries/libCoreFSCache.dylib
0x00007fff3efbf000 	/System/Library/Frameworks/MetalPerformanceShaders.framework/Frameworks/MPSCore.framework/Versions/A/MPSCore
0x00007fff3effd000 	/System/Library/Frameworks/MetalPerformanceShaders.framework/Frameworks/MPSImage.framework/Versions/A/MPSImage
0x00007fff3f0c4000 	/System/Library/Frameworks/MetalPerformanceShaders.framework/Frameworks/MPSNeuralNetwork.framework/Versions/A/MPSNeuralNetwork
0x00007fff3f088000 	/System/Library/Frameworks/MetalPerformanceShaders.framework/Frameworks/MPSMatrix.framework/Versions/A/MPSMatrix
0x00007fff3f223000 	/System/Library/Frameworks/MetalPerformanceShaders.framework/Frameworks/MPSRayIntersector.framework/Versions/A/MPSRayIntersector
0x00007fff3f0ae000 	/System/Library/Frameworks/MetalPerformanceShaders.framework/Frameworks/MPSNDArray.framework/Versions/A/MPSNDArray
0x00007fff601ef000 	/System/Library/PrivateFrameworks/MetalTools.framework/Versions/A/MetalTools
0x00007fff4c35f000 	/System/Library/PrivateFrameworks/AggregateDictionary.framework/Versions/A/AggregateDictionary
0x00007fff50f81000 	/System/Library/PrivateFrameworks/CoreAnalytics.framework/Versions/A/CoreAnalytics
0x00007fff4d4e7000 	/System/Library/PrivateFrameworks/AppleSauce.framework/Versions/A/AppleSauce
0x00007fff701fd000 	/usr/lib/libIOReport.dylib
0x00007fff3b96e000 	/System/Library/Frameworks/CoreVideo.framework/Versions/A/CoreVideo
0x00007fff5bf7a000 	/System/Library/PrivateFrameworks/GraphVisualizer.framework/Versions/A/GraphVisualizer
0x00007fff552cb000 	/System/Library/PrivateFrameworks/FaceCore.framework/Versions/A/FaceCore
0x00007fff42cc9000 	/System/Library/Frameworks/OpenCL.framework/Versions/A/OpenCL
0x00007fff7001f000 	/usr/lib/libFosl_dynamic.dylib
0x00007fff616c7000 	/System/Library/PrivateFrameworks/OTSVG.framework/Versions/A/OTSVG
0x00007fff37aec000 	/System/Library/Frameworks/ApplicationServices.framework/Versions/A/Frameworks/ATS.framework/Versions/A/Resources/libFontRegistry.dylib
0x00007fff55f55000 	/System/Library/PrivateFrameworks/FontServices.framework/libhvf.dylib
0x00007fff436be000 	/System/Library/Frameworks/OpenGL.framework/Versions/A/Libraries/libGFXShared.dylib
0x00007fff4389c000 	/System/Library/Frameworks/OpenGL.framework/Versions/A/Libraries/libGLU.dylib
0x00007fff436c7000 	/System/Library/Frameworks/OpenGL.framework/Versions/A/Libraries/libGL.dylib
0x00007fff436d2000 	/System/Library/Frameworks/OpenGL.framework/Versions/A/Libraries/libGLImage.dylib
0x00007fff436b0000 	/System/Library/Frameworks/OpenGL.framework/Versions/A/Libraries/libCVMSPluginSupport.dylib
0x00007fff436b9000 	/System/Library/Frameworks/OpenGL.framework/Versions/A/Libraries/libCoreVMClient.dylib
0x00007fff71d2a000 	/usr/lib/libncurses.5.4.dylib
0x00007fff379e8000 	/System/Library/Frameworks/ApplicationServices.framework/Versions/A/Frameworks/ATS.framework/Versions/A/ATS
0x00007fff37bb5000 	/System/Library/Frameworks/ApplicationServices.framework/Versions/A/Frameworks/ColorSyncLegacy.framework/Versions/A/ColorSyncLegacy
0x00007fff37c53000 	/System/Library/Frameworks/ApplicationServices.framework/Versions/A/Frameworks/HIServices.framework/Versions/A/HIServices
0x00007fff37cab000 	/System/Library/Frameworks/ApplicationServices.framework/Versions/A/Frameworks/LangAnalysis.framework/Versions/A/LangAnalysis
0x00007fff37cba000 	/System/Library/Frameworks/ApplicationServices.framework/Versions/A/Frameworks/PrintCore.framework/Versions/A/PrintCore
0x00007fff37d00000 	/System/Library/Frameworks/ApplicationServices.framework/Versions/A/Frameworks/QD.framework/Versions/A/QD
0x00007fff37d0b000 	/System/Library/Frameworks/ApplicationServices.framework/Versions/A/Frameworks/SpeechSynthesis.framework/Versions/A/SpeechSynthesis
0x00007fff37b85000 	/System/Library/Frameworks/ApplicationServices.framework/Versions/A/Frameworks/ATSUI.framework/Versions/A/ATSUI
0x00007fff7116c000 	/usr/lib/libcups.2.dylib
0x00007fff3e30e000 	/System/Library/Frameworks/Kerberos.framework/Versions/A/Kerberos
0x00007fff3c44b000 	/System/Library/Frameworks/GSS.framework/Versions/A/GSS
0x00007fff724ac000 	/usr/lib/libresolv.9.dylib
0x00007fff5c127000 	/System/Library/PrivateFrameworks/Heimdal.framework/Versions/A/Heimdal
0x00007fff3e321000 	/System/Library/Frameworks/Kerberos.framework/Versions/A/Libraries/libHeimdalProxy.dylib
0x00007fff71315000 	/usr/lib/libheimdal-asn1.dylib
0x00007fff50419000 	/System/Library/PrivateFrameworks/CommonAuth.framework/Versions/A/CommonAuth
0x00007fff4d666000 	/System/Library/PrivateFrameworks/AssertionServices.framework/Versions/A/AssertionServices
0x00007fff4e209000 	/System/Library/PrivateFrameworks/AudioToolboxCore.framework/Versions/A/AudioToolboxCore
0x00007fff6d09a000 	/System/Library/PrivateFrameworks/caulk.framework/Versions/A/caulk
0x00007fff4e7d3000 	/System/Library/PrivateFrameworks/BaseBoard.framework/Versions/A/BaseBoard
0x00007fff6592a000 	/System/Library/PrivateFrameworks/RunningBoardServices.framework/Versions/A/RunningBoardServices
0x00007fff6293b000 	/System/Library/PrivateFrameworks/PersistentConnection.framework/Versions/A/PersistentConnection
0x00007fff65323000 	/System/Library/PrivateFrameworks/ProtocolBuffer.framework/Versions/A/ProtocolBuffer
0x00007fff5043d000 	/System/Library/PrivateFrameworks/CommonUtilities.framework/Versions/A/CommonUtilities
0x00007fff4e961000 	/System/Library/PrivateFrameworks/Bom.framework/Versions/A/Bom
0x00007fff6fed0000 	/usr/lib/libAudioToolboxUtility.dylib
0x00007fff4e731000 	/System/Library/PrivateFrameworks/Backup.framework/Versions/A/Backup
0x00007fff53527000 	/System/Library/PrivateFrameworks/CrashReporterSupport.framework/Versions/A/CrashReporterSupport
0x00007fff673bc000 	/System/Library/PrivateFrameworks/Sharing.framework/Versions/A/Sharing
0x00007fff4cc73000 	/System/Library/PrivateFrameworks/Apple80211.framework/Versions/A/Apple80211
0x00007fff4e44e000 	/System/Library/PrivateFrameworks/AuthKit.framework/Versions/A/AuthKit
0x00007fff53234000 	/System/Library/PrivateFrameworks/CoreUtils.framework/Versions/A/CoreUtils
0x00007fff3b9b3000 	/System/Library/Frameworks/CoreWLAN.framework/Versions/A/CoreWLAN
0x00007fff3c5d8000 	/System/Library/Frameworks/IOBluetooth.framework/Versions/A/IOBluetooth
0x00007fff604f4000 	/System/Library/PrivateFrameworks/MobileKeyBag.framework/Versions/A/MobileKeyBag
0x00007fff52023000 	/System/Library/PrivateFrameworks/CorePhoneNumbers.framework/Versions/A/CorePhoneNumbers
0x00007fff4d063000 	/System/Library/PrivateFrameworks/AppleIDAuthSupport.framework/Versions/A/AppleIDAuthSupport
0x00007fff40140000 	/System/Library/Frameworks/Network.framework/Versions/A/Network
0x00007fff5ebc2000 	/System/Library/PrivateFrameworks/KeychainCircle.framework/Versions/A/KeychainCircle
0x00007fff393cc000 	/System/Library/Frameworks/CoreBluetooth.framework/Versions/A/CoreBluetooth
0x00007fff6943b000 	/System/Library/PrivateFrameworks/SpeechRecognitionCore.framework/Versions/A/SpeechRecognitionCore
0x00007fff2c943000 	/System/Library/CoreServices/Encodings/libCyrillicConverter.dylib
0x0000000106a00000 	/Users/mac/Library/Java/JavaVirtualMachines/ms-21.0.9/Contents/Home/lib/server/libjvm.dylib
0x00000001060c4000 	/Users/mac/Library/Java/JavaVirtualMachines/ms-21.0.9/Contents/Home/lib/libjimage.dylib
0x00000001060da000 	/Users/mac/Library/Java/JavaVirtualMachines/ms-21.0.9/Contents/Home/lib/libinstrument.dylib
0x00000001060f2000 	/Users/mac/Library/Java/JavaVirtualMachines/ms-21.0.9/Contents/Home/lib/libjava.dylib
0x00000001061ca000 	/Users/mac/Library/Java/JavaVirtualMachines/ms-21.0.9/Contents/Home/lib/libzip.dylib
0x0000000112d59000 	/Users/mac/Library/Java/JavaVirtualMachines/ms-21.0.9/Contents/Home/lib/libnio.dylib
0x00000001061e2000 	/Users/mac/Library/Java/JavaVirtualMachines/ms-21.0.9/Contents/Home/lib/libnet.dylib
0x0000000112d79000 	/Users/mac/Library/Java/JavaVirtualMachines/ms-21.0.9/Contents/Home/lib/libextnet.dylib
0x0000000112d8d000 	/Users/mac/Library/Java/JavaVirtualMachines/ms-21.0.9/Contents/Home/lib/libprefs.dylib
0x0000000112da1000 	/Users/mac/IdeaProjects/AudioSND/implementation/libaudio-snd.dylib
0x0000000112dd5000 	/System/Library/Extensions/AppleHDA.kext/Contents/PlugIns/AppleHDAHALPlugIn.bundle/Contents/MacOS/AppleHDAHALPlugIn

JVMTI agents:
/Applications/IntelliJ IDEA CE.app/Contents/lib/idea_rt.jar path:none, loaded, initialized, instrumentlib options:59606


VM Arguments:
jvm_args: -Djava.library.path=/Users/mac/IdeaProjects/AudioSND/implementation -javaagent:/Applications/IntelliJ IDEA CE.app/Contents/lib/idea_rt.jar=59606 -Dfile.encoding=UTF-8 -Dsun.stdout.encoding=UTF-8 -Dsun.stderr.encoding=UTF-8 
java_command: org.plovdev.audioengine.Main
java_class_path (initial): /Users/mac/IdeaProjects/AudioSND/implementation/target/classes:/Users/mac/IdeaProjects/AudioSND/core/target/classes:/Users/mac/IdeaProjects/AudioSND/loaders/target/classes:/Users/mac/IdeaProjects/AudioSND/generator/target/classes:/Users/mac/.m2/repository/org/slf4j/slf4j-api/2.0.2/slf4j-api-2.0.2.jar:/Users/mac/.m2/repository/org/slf4j/slf4j-simple/2.0.2/slf4j-simple-2.0.2.jar:/Users/mac/.m2/repository/org/jetbrains/annotations/17.0.0/annotations-17.0.0.jar
Launcher Type: SUN_STANDARD

[Global flags]
     intx CICompilerCount                          = 3                                         {product} {ergonomic}
     uint ConcGCThreads                            = 1                                         {product} {ergonomic}
     uint G1ConcRefinementThreads                  = 4                                         {product} {ergonomic}
   size_t G1HeapRegionSize                         = 1048576                                   {product} {ergonomic}
    uintx GCDrainStackTargetSize                   = 64                                        {product} {ergonomic}
   size_t InitialHeapSize                          = 134217728                                 {product} {ergonomic}
   size_t MarkStackSize                            = 4194304                                   {product} {ergonomic}
   size_t MaxHeapSize                              = 2147483648                                {product} {ergonomic}
   size_t MaxNewSize                               = 1287651328                                {product} {ergonomic}
   size_t MinHeapDeltaBytes                        = 1048576                                   {product} {ergonomic}
   size_t MinHeapSize                              = 8388608                                   {product} {ergonomic}
    uintx NonNMethodCodeHeapSize                   = 5832780                                {pd product} {ergonomic}
    uintx NonProfiledCodeHeapSize                  = 122912730                              {pd product} {ergonomic}
    uintx ProfiledCodeHeapSize                     = 122912730                              {pd product} {ergonomic}
    uintx ReservedCodeCacheSize                    = 251658240                              {pd product} {ergonomic}
     bool SegmentedCodeCache                       = true                                      {product} {ergonomic}
   size_t SoftMaxHeapSize                          = 2147483648                             {manageable} {ergonomic}
     bool UseCompressedOops                        = true                           {product lp64_product} {ergonomic}
     bool UseG1GC                                  = true                                      {product} {ergonomic}
     bool UseNUMA                                  = false                                     {product} {ergonomic}
     bool UseNUMAInterleaving                      = false                                     {product} {ergonomic}

Logging:
Log output configuration:
 #0: stdout all=warning uptime,level,tags foldmultilines=false
 #1: stderr all=off uptime,level,tags foldmultilines=false

Release file:
IMPLEMENTOR="Microsoft"
IMPLEMENTOR_VERSION="Microsoft-12574466"
JAVA_RUNTIME_VERSION="21.0.9+10-LTS"
JAVA_VERSION="21.0.9"
JAVA_VERSION_DATE="2025-10-21"
LIBC="default"
MODULES="java.base java.compiler java.datatransfer java.xml java.prefs java.desktop java.instrument java.logging java.management java.security.sasl java.naming java.rmi java.management.rmi java.net.http java.scripting java.security.jgss java.transaction.xa java.sql java.sql.rowset java.xml.crypto java.se java.smartcardio jdk.accessibility jdk.internal.jvmstat jdk.attach jdk.charsets jdk.internal.opt jdk.zipfs jdk.compiler jdk.crypto.ec jdk.crypto.cryptoki jdk.dynalink jdk.internal.ed jdk.editpad jdk.hotspot.agent jdk.httpserver jdk.incubator.vector jdk.internal.le jdk.internal.vm.ci jdk.internal.vm.compiler jdk.internal.vm.compiler.management jdk.jartool jdk.javadoc jdk.jcmd jdk.management jdk.management.agent jdk.jconsole jdk.jdeps jdk.jdwp.agent jdk.jdi jdk.jfr jdk.jlink jdk.jpackage jdk.jshell jdk.jsobject jdk.jstatd jdk.localedata jdk.management.jfr jdk.naming.dns jdk.naming.rmi jdk.net jdk.nio.mapmode jdk.random jdk.sctp jdk.security.auth jdk.security.jgss jdk.unsupported jdk.unsupported.desktop jdk.xml.dom"
OS_ARCH="x86_64"
OS_NAME="Darwin"
SOURCE=".:git:e0bc49609000"

Environment Variables:
PATH=/Users/mac/maven/bin/bin:/Users/mac/maven/bin/bin:/Applications/CMake.app/Contents/bin:/usr/local/bin:/usr/local/sbin:/usr/local/bin:/usr/bin:/bin:/usr/sbin:/sbin
SHELL=/bin/bash
LC_CTYPE=ru_RU.UTF-8
TMPDIR=/var/folders/57/xgqcb4yj1_958k83lyr82lrw0000gn/T/

Active Locale:
LC_ALL=C/ru_RU.UTF-8/C/C/C/C
LC_COLLATE=C
LC_CTYPE=ru_RU.UTF-8
LC_MESSAGES=C
LC_MONETARY=C
LC_NUMERIC=C
LC_TIME=C

Signal Handlers:
   SIGSEGV: crash_handler in libjvm.dylib, mask=11100110000111110111111111111111, flags=SA_ONSTACK|SA_RESTART|SA_SIGINFO, unblocked
    SIGBUS: crash_handler in libjvm.dylib, mask=11100110000111110111111111111111, flags=SA_RESTART|SA_SIGINFO, unblocked
    SIGFPE: crash_handler in libjvm.dylib, mask=11100110000111110111111111111111, flags=SA_RESTART|SA_SIGINFO, unblocked
   SIGPIPE: javaSignalHandler in libjvm.dylib, mask=11100110000111110111111111111111, flags=SA_RESTART|SA_SIGINFO, blocked
   SIGXFSZ: javaSignalHandler in libjvm.dylib, mask=11100110000111110111111111111111, flags=SA_RESTART|SA_SIGINFO, blocked
    SIGILL: crash_handler in libjvm.dylib, mask=11100110000111110111111111111111, flags=SA_RESTART|SA_SIGINFO, unblocked
   SIGUSR2: SR_handler in libjvm.dylib, mask=00000000000000000000000000000000, flags=SA_RESTART|SA_SIGINFO, blocked
    SIGHUP: UserHandler in libjvm.dylib, mask=11100110000111110111111111111111, flags=SA_RESTART|SA_SIGINFO, blocked
    SIGINT: UserHandler in libjvm.dylib, mask=11100110000111110111111111111111, flags=SA_RESTART|SA_SIGINFO, blocked
   SIGTERM: UserHandler in libjvm.dylib, mask=11100110000111110111111111111111, flags=SA_RESTART|SA_SIGINFO, blocked
   SIGQUIT: UserHandler in libjvm.dylib, mask=11100110000111110111111111111111, flags=SA_RESTART|SA_SIGINFO, blocked
   SIGTRAP: crash_handler in libjvm.dylib, mask=11100110000111110111111111111111, flags=SA_RESTART|SA_SIGINFO, unblocked


Periodic native trim disabled

---------------  S Y S T E M  ---------------

OS:
uname: Darwin 19.6.0 Darwin Kernel Version 19.6.0: Tue Jun 21 21:18:39 PDT 2022; root:xnu-6153.141.66~1/RELEASE_X86_64 x86_64
OS uptime: 19 days 20:18 hours
rlimit (soft/hard): STACK 8192k/65532k , CORE 0k/infinity , NPROC 1392/2088 , NOFILE 10240/infinity , AS infinity/infinity , CPU infinity/infinity , DATA infinity/infinity , FSIZE infinity/infinity , MEMLOCK infinity/infinity , RSS infinity/infinity
load average: 1.95 2.17 2.13

CPU: total 4 (initial active 4) (2 cores per cpu, 2 threads per core) family 6 model 58 stepping 9 microcode 0x21, cx8, cmov, fxsr, ht, mmx, sse, sse2, sse3, ssse3, sse4.1, sse4.2, popcnt, tsc, tscinvbit, avx, aes, erms, clmul, vzeroupper, clflush, rdtscp, f16c
machdep.cpu.brand_string:Intel(R) Core(TM) i7-3667U CPU @ 2.00GHz
hw.cpufrequency:2000000000
hw.cpufrequency_min:2000000000
hw.cpufrequency_max:2000000000
hw.cachelinesize:64
hw.l1icachesize:32768
hw.l1dcachesize:32768
hw.l2cachesize:262144
hw.l3cachesize:4194304

Memory: 4k page, physical 8388608k(197584k free), swap 2097152k(1379584k free)

vm_info: OpenJDK 64-Bit Server VM (21.0.9+10-LTS) for bsd-amd64 JRE (21.0.9+10-LTS), built on 2025-10-13T22:14:45Z by "MicrosoftCorporation" with clang Apple LLVM 14.0.0 (clang-1400.0.29.202)

END.
